{"/Users/khalifa/Documents/WORK/eds-ledger/backend/src/app.controller.ts": {"path":"/Users/khalifa/Documents/WORK/eds-ledger/backend/src/app.controller.ts","statementMap":{"0":{"start":{"line":1,"column":0},"end":{"line":1,"column":49}},"1":{"start":{"line":2,"column":0},"end":{"line":2,"column":43}},"2":{"start":{"line":5,"column":7},"end":{"line":17,"column":null}},"3":{"start":{"line":6,"column":31},"end":{"line":6,"column":43}},"4":{"start":{"line":10,"column":4},"end":{"line":10,"column":38}},"5":{"start":{"line":15,"column":4},"end":{"line":15,"column":39}},"6":{"start":{"line":5,"column":13},"end":{"line":5,"column":26}},"7":{"start":{"line":9,"column":2},"end":{"line":11,"column":null}},"8":{"start":{"line":14,"column":8},"end":{"line":16,"column":null}},"9":{"start":{"line":5,"column":13},"end":{"line":17,"column":null}}},"fnMap":{"0":{"name":"(anonymous_2)","decl":{"start":{"line":6,"column":2},"end":{"line":6,"column":31}},"loc":{"start":{"line":6,"column":53},"end":{"line":6,"column":57}}},"1":{"name":"(anonymous_3)","decl":{"start":{"line":9,"column":2},"end":{"line":9,"column":10}},"loc":{"start":{"line":9,"column":10},"end":{"line":11,"column":3}}},"2":{"name":"(anonymous_4)","decl":{"start":{"line":14,"column":8},"end":{"line":14,"column":17}},"loc":{"start":{"line":14,"column":17},"end":{"line":16,"column":3}}}},"branchMap":{"0":{"loc":{"start":{"line":6,"column":43},"end":{"line":6,"column":56}},"type":"cond-expr","locations":[{"start":{"line":6,"column":53},"end":{"line":6,"column":56}},{"start":{"line":6,"column":53},"end":{"line":6,"column":56}}]},"1":{"loc":{"start":{"line":6,"column":43},"end":{"line":6,"column":53}},"type":"binary-expr","locations":[{"start":{"line":6,"column":43},"end":{"line":6,"column":56}},{"start":{"line":6,"column":43},"end":{"line":6,"column":53}}]}},"s":{"0":1,"1":1,"2":1,"3":3,"4":2,"5":0,"6":1,"7":1,"8":1,"9":1},"f":{"0":3,"1":2,"2":0},"b":{"0":[1,0],"1":[1,1]}}
,"/Users/khalifa/Documents/WORK/eds-ledger/backend/src/app.module.ts": {"path":"/Users/khalifa/Documents/WORK/eds-ledger/backend/src/app.module.ts","statementMap":{"0":{"start":{"line":1,"column":0},"end":{"line":1,"column":40}},"1":{"start":{"line":2,"column":0},"end":{"line":2,"column":46}},"2":{"start":{"line":3,"column":0},"end":{"line":3,"column":52}},"3":{"start":{"line":4,"column":0},"end":{"line":4,"column":54}},"4":{"start":{"line":5,"column":0},"end":{"line":5,"column":48}},"5":{"start":{"line":6,"column":0},"end":{"line":6,"column":60}},"6":{"start":{"line":7,"column":0},"end":{"line":7,"column":57}},"7":{"start":{"line":8,"column":0},"end":{"line":8,"column":48}},"8":{"start":{"line":9,"column":0},"end":{"line":9,"column":49}},"9":{"start":{"line":10,"column":0},"end":{"line":10,"column":43}},"10":{"start":{"line":25,"column":7},"end":{"line":25,"column":null}},"11":{"start":{"line":25,"column":13},"end":{"line":25,"column":22}},"12":{"start":{"line":25,"column":13},"end":{"line":25,"column":null}}},"fnMap":{},"branchMap":{},"s":{"0":0,"1":0,"2":0,"3":0,"4":0,"5":0,"6":0,"7":0,"8":0,"9":0,"10":0,"11":0,"12":0},"f":{},"b":{}}
,"/Users/khalifa/Documents/WORK/eds-ledger/backend/src/app.service.ts": {"path":"/Users/khalifa/Documents/WORK/eds-ledger/backend/src/app.service.ts","statementMap":{"0":{"start":{"line":1,"column":0},"end":{"line":1,"column":44}},"1":{"start":{"line":2,"column":0},"end":{"line":2,"column":56}},"2":{"start":{"line":5,"column":7},"end":{"line":31,"column":null}},"3":{"start":{"line":6,"column":22},"end":{"line":6,"column":30}},"4":{"start":{"line":9,"column":4},"end":{"line":9,"column":26}},"5":{"start":{"line":13,"column":4},"end":{"line":29,"column":5}},"6":{"start":{"line":14,"column":6},"end":{"line":14,"column":44}},"7":{"start":{"line":15,"column":6},"end":{"line":20,"column":8}},"8":{"start":{"line":22,"column":6},"end":{"line":28,"column":8}},"9":{"start":{"line":5,"column":13},"end":{"line":5,"column":23}},"10":{"start":{"line":5,"column":13},"end":{"line":31,"column":null}}},"fnMap":{"0":{"name":"(anonymous_2)","decl":{"start":{"line":6,"column":2},"end":{"line":6,"column":22}},"loc":{"start":{"line":6,"column":43},"end":{"line":6,"column":47}}},"1":{"name":"(anonymous_3)","decl":{"start":{"line":8,"column":2},"end":{"line":8,"column":10}},"loc":{"start":{"line":8,"column":10},"end":{"line":10,"column":3}}},"2":{"name":"(anonymous_4)","decl":{"start":{"line":12,"column":2},"end":{"line":12,"column":7}},"loc":{"start":{"line":12,"column":17},"end":{"line":30,"column":3}}}},"branchMap":{"0":{"loc":{"start":{"line":26,"column":15},"end":{"line":26,"column":71}},"type":"cond-expr","locations":[{"start":{"line":26,"column":40},"end":{"line":26,"column":53}},{"start":{"line":26,"column":56},"end":{"line":26,"column":71}}]},"1":{"loc":{"start":{"line":6,"column":30},"end":{"line":6,"column":46}},"type":"cond-expr","locations":[{"start":{"line":6,"column":43},"end":{"line":6,"column":46}},{"start":{"line":6,"column":43},"end":{"line":6,"column":46}}]},"2":{"loc":{"start":{"line":6,"column":30},"end":{"line":6,"column":43}},"type":"binary-expr","locations":[{"start":{"line":6,"column":30},"end":{"line":6,"column":46}},{"start":{"line":6,"column":30},"end":{"line":6,"column":43}}]}},"s":{"0":1,"1":1,"2":1,"3":3,"4":1,"5":0,"6":0,"7":0,"8":0,"9":1,"10":1},"f":{"0":3,"1":1,"2":0},"b":{"0":[0,0],"1":[1,0],"2":[1,1]}}
,"/Users/khalifa/Documents/WORK/eds-ledger/backend/src/main.ts": {"path":"/Users/khalifa/Documents/WORK/eds-ledger/backend/src/main.ts","statementMap":{"0":{"start":{"line":1,"column":0},"end":{"line":1,"column":43}},"1":{"start":{"line":2,"column":0},"end":{"line":2,"column":48}},"2":{"start":{"line":3,"column":0},"end":{"line":3,"column":47}},"3":{"start":{"line":4,"column":0},"end":{"line":4,"column":28}},"4":{"start":{"line":5,"column":0},"end":{"line":5,"column":35}},"5":{"start":{"line":6,"column":0},"end":{"line":6,"column":25}},"6":{"start":{"line":7,"column":0},"end":{"line":7,"column":41}},"7":{"start":{"line":10,"column":2},"end":{"line":10,"column":56}},"8":{"start":{"line":12,"column":14},"end":{"line":12,"column":49}},"9":{"start":{"line":13,"column":17},"end":{"line":13,"column":39}},"10":{"start":{"line":15,"column":2},"end":{"line":15,"column":20}},"11":{"start":{"line":16,"column":2},"end":{"line":16,"column":44}},"12":{"start":{"line":18,"column":2},"end":{"line":21,"column":5}},"13":{"start":{"line":23,"column":2},"end":{"line":29,"column":4}},"14":{"start":{"line":31,"column":15},"end":{"line":31,"column":49}},"15":{"start":{"line":32,"column":2},"end":{"line":32,"column":25}},"16":{"start":{"line":34,"column":0},"end":{"line":34,"column":12}}},"fnMap":{"0":{"name":"bootstrap","decl":{"start":{"line":9,"column":15},"end":{"line":9,"column":24}},"loc":{"start":{"line":9,"column":24},"end":{"line":33,"column":1}}}},"branchMap":{"0":{"loc":{"start":{"line":31,"column":15},"end":{"line":31,"column":49}},"type":"binary-expr","locations":[{"start":{"line":31,"column":15},"end":{"line":31,"column":41}},{"start":{"line":31,"column":45},"end":{"line":31,"column":49}}]}},"s":{"0":0,"1":0,"2":0,"3":0,"4":0,"5":0,"6":0,"7":0,"8":0,"9":0,"10":0,"11":0,"12":0,"13":0,"14":0,"15":0,"16":0},"f":{"0":0},"b":{"0":[0,0]}}
,"/Users/khalifa/Documents/WORK/eds-ledger/backend/src/__tests__/fixtures/test-data.ts": {"path":"/Users/khalifa/Documents/WORK/eds-ledger/backend/src/__tests__/fixtures/test-data.ts","statementMap":{"0":{"start":{"line":1,"column":13},"end":{"line":26,"column":2}},"1":{"start":{"line":28,"column":13},"end":{"line":79,"column":2}},"2":{"start":{"line":81,"column":13},"end":{"line":130,"column":2}},"3":{"start":{"line":132,"column":13},"end":{"line":161,"column":2}}},"fnMap":{},"branchMap":{},"s":{"0":10,"1":10,"2":10,"3":10},"f":{},"b":{}}
,"/Users/khalifa/Documents/WORK/eds-ledger/backend/src/__tests__/mocks/bcrypt.mock.ts": {"path":"/Users/khalifa/Documents/WORK/eds-ledger/backend/src/__tests__/mocks/bcrypt.mock.ts","statementMap":{"0":{"start":{"line":1,"column":38},"end":{"line":8,"column":2}},"1":{"start":{"line":1,"column":45},"end":{"line":8,"column":2}},"2":{"start":{"line":3,"column":4},"end":{"line":3,"column":39}},"3":{"start":{"line":6,"column":4},"end":{"line":6,"column":48}},"4":{"start":{"line":1,"column":13},"end":{"line":1,"column":38}}},"fnMap":{"0":{"name":"(anonymous_0)","decl":{"start":{"line":1,"column":38},"end":{"line":1,"column":41}},"loc":{"start":{"line":1,"column":45},"end":{"line":8,"column":2}}},"1":{"name":"(anonymous_1)","decl":{"start":{"line":2,"column":16},"end":{"line":2,"column":21}},"loc":{"start":{"line":2,"column":60},"end":{"line":4,"column":3}}},"2":{"name":"(anonymous_2)","decl":{"start":{"line":5,"column":19},"end":{"line":5,"column":24}},"loc":{"start":{"line":5,"column":60},"end":{"line":7,"column":3}}}},"branchMap":{},"s":{"0":0,"1":0,"2":0,"3":0,"4":0},"f":{"0":0,"1":0,"2":0},"b":{}}
,"/Users/khalifa/Documents/WORK/eds-ledger/backend/src/__tests__/mocks/config.mock.ts": {"path":"/Users/khalifa/Documents/WORK/eds-ledger/backend/src/__tests__/mocks/config.mock.ts","statementMap":{"0":{"start":{"line":3,"column":39},"end":{"line":18,"column":31}},"1":{"start":{"line":3,"column":81},"end":{"line":18,"column":31}},"2":{"start":{"line":5,"column":42},"end":{"line":10,"column":6}},"3":{"start":{"line":11,"column":4},"end":{"line":11,"column":43}},"4":{"start":{"line":14,"column":18},"end":{"line":14,"column":32}},"5":{"start":{"line":15,"column":4},"end":{"line":15,"column":64}},"6":{"start":{"line":15,"column":16},"end":{"line":15,"column":64}},"7":{"start":{"line":16,"column":4},"end":{"line":16,"column":17}},"8":{"start":{"line":3,"column":13},"end":{"line":3,"column":39}}},"fnMap":{"0":{"name":"(anonymous_0)","decl":{"start":{"line":3,"column":39},"end":{"line":3,"column":40}},"loc":{"start":{"line":3,"column":81},"end":{"line":18,"column":31}}},"1":{"name":"(anonymous_1)","decl":{"start":{"line":4,"column":15},"end":{"line":4,"column":16}},"loc":{"start":{"line":4,"column":31},"end":{"line":12,"column":3}}},"2":{"name":"(anonymous_2)","decl":{"start":{"line":13,"column":22},"end":{"line":13,"column":23}},"loc":{"start":{"line":13,"column":38},"end":{"line":17,"column":3}}}},"branchMap":{"0":{"loc":{"start":{"line":3,"column":40},"end":{"line":3,"column":75}},"type":"default-arg","locations":[{"start":{"line":3,"column":73},"end":{"line":3,"column":75}}]},"1":{"loc":{"start":{"line":11,"column":11},"end":{"line":11,"column":42}},"type":"binary-expr","locations":[{"start":{"line":11,"column":11},"end":{"line":11,"column":25}},{"start":{"line":11,"column":29},"end":{"line":11,"column":42}}]},"2":{"loc":{"start":{"line":15,"column":4},"end":{"line":15,"column":64}},"type":"if","locations":[{"start":{"line":15,"column":4},"end":{"line":15,"column":64}},{"start":{},"end":{}}]}},"s":{"0":2,"1":19,"2":19,"3":19,"4":0,"5":0,"6":0,"7":0,"8":2},"f":{"0":19,"1":19,"2":0},"b":{"0":[19],"1":[19,19],"2":[0,0]}}
,"/Users/khalifa/Documents/WORK/eds-ledger/backend/src/__tests__/mocks/jwt.mock.ts": {"path":"/Users/khalifa/Documents/WORK/eds-ledger/backend/src/__tests__/mocks/jwt.mock.ts","statementMap":{"0":{"start":{"line":3,"column":36},"end":{"line":21,"column":28}},"1":{"start":{"line":3,"column":43},"end":{"line":21,"column":28}},"2":{"start":{"line":5,"column":4},"end":{"line":5,"column":57}},"3":{"start":{"line":8,"column":4},"end":{"line":13,"column":6}},"4":{"start":{"line":16,"column":4},"end":{"line":19,"column":6}},"5":{"start":{"line":3,"column":13},"end":{"line":3,"column":36}}},"fnMap":{"0":{"name":"(anonymous_0)","decl":{"start":{"line":3,"column":36},"end":{"line":3,"column":39}},"loc":{"start":{"line":3,"column":43},"end":{"line":21,"column":28}}},"1":{"name":"(anonymous_1)","decl":{"start":{"line":4,"column":16},"end":{"line":4,"column":17}},"loc":{"start":{"line":4,"column":48},"end":{"line":6,"column":3}}},"2":{"name":"(anonymous_2)","decl":{"start":{"line":7,"column":18},"end":{"line":7,"column":19}},"loc":{"start":{"line":7,"column":51},"end":{"line":14,"column":3}}},"3":{"name":"(anonymous_3)","decl":{"start":{"line":15,"column":18},"end":{"line":15,"column":19}},"loc":{"start":{"line":15,"column":36},"end":{"line":20,"column":3}}}},"branchMap":{},"s":{"0":1,"1":10,"2":7,"3":0,"4":0,"5":1},"f":{"0":10,"1":7,"2":0,"3":0},"b":{}}
,"/Users/khalifa/Documents/WORK/eds-ledger/backend/src/__tests__/mocks/openai.mock.ts": {"path":"/Users/khalifa/Documents/WORK/eds-ledger/backend/src/__tests__/mocks/openai.mock.ts","statementMap":{"0":{"start":{"line":1,"column":38},"end":{"line":24,"column":2}},"1":{"start":{"line":1,"column":59},"end":{"line":24,"column":2}},"2":{"start":{"line":5,"column":25},"end":{"line":19,"column":10}},"3":{"start":{"line":20,"column":8},"end":{"line":20,"column":45}},"4":{"start":{"line":1,"column":13},"end":{"line":1,"column":38}},"5":{"start":{"line":26,"column":46},"end":{"line":38,"column":2}},"6":{"start":{"line":26,"column":53},"end":{"line":38,"column":2}},"7":{"start":{"line":26,"column":13},"end":{"line":26,"column":46}}},"fnMap":{"0":{"name":"(anonymous_0)","decl":{"start":{"line":1,"column":38},"end":{"line":1,"column":39}},"loc":{"start":{"line":1,"column":59},"end":{"line":24,"column":2}}},"1":{"name":"(anonymous_1)","decl":{"start":{"line":4,"column":22},"end":{"line":4,"column":27}},"loc":{"start":{"line":4,"column":33},"end":{"line":21,"column":7}}},"2":{"name":"(anonymous_2)","decl":{"start":{"line":26,"column":46},"end":{"line":26,"column":49}},"loc":{"start":{"line":26,"column":53},"end":{"line":38,"column":2}}}},"branchMap":{"0":{"loc":{"start":{"line":1,"column":39},"end":{"line":1,"column":53}},"type":"default-arg","locations":[{"start":{"line":1,"column":51},"end":{"line":1,"column":53}}]}},"s":{"0":0,"1":0,"2":0,"3":0,"4":0,"5":0,"6":0,"7":0},"f":{"0":0,"1":0,"2":0},"b":{"0":[0]}}
,"/Users/khalifa/Documents/WORK/eds-ledger/backend/src/__tests__/mocks/prisma.mock.ts": {"path":"/Users/khalifa/Documents/WORK/eds-ledger/backend/src/__tests__/mocks/prisma.mock.ts","statementMap":{"0":{"start":{"line":3,"column":39},"end":{"line":29,"column":1}},"1":{"start":{"line":4,"column":2},"end":{"line":28,"column":4}},"2":{"start":{"line":3,"column":13},"end":{"line":3,"column":39}},"3":{"start":{"line":31,"column":36},"end":{"line":37,"column":2}},"4":{"start":{"line":31,"column":43},"end":{"line":37,"column":2}},"5":{"start":{"line":31,"column":13},"end":{"line":31,"column":36}},"6":{"start":{"line":39,"column":39},"end":{"line":49,"column":2}},"7":{"start":{"line":39,"column":60},"end":{"line":49,"column":2}},"8":{"start":{"line":39,"column":13},"end":{"line":39,"column":39}},"9":{"start":{"line":51,"column":45},"end":{"line":75,"column":2}},"10":{"start":{"line":51,"column":66},"end":{"line":75,"column":2}},"11":{"start":{"line":51,"column":13},"end":{"line":51,"column":45}}},"fnMap":{"0":{"name":"(anonymous_0)","decl":{"start":{"line":3,"column":39},"end":{"line":3,"column":61}},"loc":{"start":{"line":3,"column":63},"end":{"line":29,"column":1}}},"1":{"name":"(anonymous_1)","decl":{"start":{"line":31,"column":36},"end":{"line":31,"column":39}},"loc":{"start":{"line":31,"column":43},"end":{"line":37,"column":2}}},"2":{"name":"(anonymous_2)","decl":{"start":{"line":39,"column":39},"end":{"line":39,"column":40}},"loc":{"start":{"line":39,"column":60},"end":{"line":49,"column":2}}},"3":{"name":"(anonymous_3)","decl":{"start":{"line":51,"column":45},"end":{"line":51,"column":46}},"loc":{"start":{"line":51,"column":66},"end":{"line":75,"column":2}}}},"branchMap":{"0":{"loc":{"start":{"line":39,"column":40},"end":{"line":39,"column":54}},"type":"default-arg","locations":[{"start":{"line":39,"column":52},"end":{"line":39,"column":54}}]},"1":{"loc":{"start":{"line":51,"column":46},"end":{"line":51,"column":60}},"type":"default-arg","locations":[{"start":{"line":51,"column":58},"end":{"line":51,"column":60}}]}},"s":{"0":5,"1":46,"2":5,"3":5,"4":0,"5":5,"6":5,"7":0,"8":5,"9":5,"10":0,"11":5},"f":{"0":46,"1":0,"2":0,"3":0},"b":{"0":[0],"1":[0]}}
,"/Users/khalifa/Documents/WORK/eds-ledger/backend/src/ai/ai.module.ts": {"path":"/Users/khalifa/Documents/WORK/eds-ledger/backend/src/ai/ai.module.ts","statementMap":{"0":{"start":{"line":1,"column":0},"end":{"line":1,"column":40}},"1":{"start":{"line":2,"column":0},"end":{"line":2,"column":41}},"2":{"start":{"line":8,"column":7},"end":{"line":8,"column":null}},"3":{"start":{"line":8,"column":13},"end":{"line":8,"column":21}},"4":{"start":{"line":8,"column":13},"end":{"line":8,"column":null}}},"fnMap":{},"branchMap":{},"s":{"0":0,"1":0,"2":0,"3":0,"4":0},"f":{},"b":{}}
,"/Users/khalifa/Documents/WORK/eds-ledger/backend/src/ai/ai.service.ts": {"path":"/Users/khalifa/Documents/WORK/eds-ledger/backend/src/ai/ai.service.ts","statementMap":{"0":{"start":{"line":1,"column":0},"end":{"line":1,"column":44}},"1":{"start":{"line":2,"column":0},"end":{"line":2,"column":47}},"2":{"start":{"line":3,"column":0},"end":{"line":3,"column":28}},"3":{"start":{"line":19,"column":25},"end":{"line":29,"column":2}},"4":{"start":{"line":32,"column":14},"end":{"line":32,"column":48}},"5":{"start":{"line":35,"column":7},"end":{"line":142,"column":null}},"6":{"start":{"line":38,"column":31},"end":{"line":38,"column":39}},"7":{"start":{"line":39,"column":4},"end":{"line":46,"column":7}},"8":{"start":{"line":52,"column":23},"end":{"line":67,"column":6}},"9":{"start":{"line":69,"column":4},"end":{"line":83,"column":5}},"10":{"start":{"line":70,"column":19},"end":{"line":70,"column":66}},"11":{"start":{"line":71,"column":30},"end":{"line":71,"column":81}},"12":{"start":{"line":72,"column":6},"end":{"line":72,"column":44}},"13":{"start":{"line":72,"column":34},"end":{"line":72,"column":44}},"14":{"start":{"line":74,"column":6},"end":{"line":80,"column":10}},"15":{"start":{"line":74,"column":61},"end":{"line":80,"column":8}},"16":{"start":{"line":82,"column":6},"end":{"line":82,"column":16}},"17":{"start":{"line":90,"column":23},"end":{"line":106,"column":6}},"18":{"start":{"line":108,"column":17},"end":{"line":108,"column":64}},"19":{"start":{"line":109,"column":19},"end":{"line":110,"column":null}},"20":{"start":{"line":113,"column":4},"end":{"line":119,"column":6}},"21":{"start":{"line":126,"column":23},"end":{"line":138,"column":6}},"22":{"start":{"line":140,"column":4},"end":{"line":140,"column":57}},"23":{"start":{"line":35,"column":13},"end":{"line":35,"column":22}},"24":{"start":{"line":35,"column":13},"end":{"line":142,"column":null}}},"fnMap":{"0":{"name":"(anonymous_3)","decl":{"start":{"line":38,"column":2},"end":{"line":38,"column":31}},"loc":{"start":{"line":38,"column":52},"end":{"line":47,"column":3}}},"1":{"name":"(anonymous_4)","decl":{"start":{"line":49,"column":2},"end":{"line":49,"column":7}},"loc":{"start":{"line":50,"column":55},"end":{"line":84,"column":3}}},"2":{"name":"(anonymous_5)","decl":{"start":{"line":74,"column":50},"end":{"line":74,"column":51}},"loc":{"start":{"line":74,"column":61},"end":{"line":80,"column":8}}},"3":{"name":"(anonymous_6)","decl":{"start":{"line":86,"column":2},"end":{"line":86,"column":7}},"loc":{"start":{"line":88,"column":22},"end":{"line":120,"column":3}}},"4":{"name":"(anonymous_7)","decl":{"start":{"line":122,"column":2},"end":{"line":122,"column":7}},"loc":{"start":{"line":124,"column":42},"end":{"line":141,"column":3}}}},"branchMap":{"0":{"loc":{"start":{"line":70,"column":19},"end":{"line":70,"column":66}},"type":"binary-expr","locations":[{"start":{"line":70,"column":19},"end":{"line":70,"column":58}},{"start":{"line":70,"column":62},"end":{"line":70,"column":66}}]},"1":{"loc":{"start":{"line":72,"column":6},"end":{"line":72,"column":44}},"type":"if","locations":[{"start":{"line":72,"column":6},"end":{"line":72,"column":44}},{"start":{},"end":{}}]},"2":{"loc":{"start":{"line":75,"column":28},"end":{"line":75,"column":50}},"type":"binary-expr","locations":[{"start":{"line":75,"column":28},"end":{"line":75,"column":44}},{"start":{"line":75,"column":48},"end":{"line":75,"column":50}}]},"3":{"loc":{"start":{"line":76,"column":18},"end":{"line":78,"column":19}},"type":"cond-expr","locations":[{"start":{"line":77,"column":12},"end":{"line":77,"column":25}},{"start":{"line":78,"column":12},"end":{"line":78,"column":19}}]},"4":{"loc":{"start":{"line":79,"column":24},"end":{"line":79,"column":42}},"type":"binary-expr","locations":[{"start":{"line":79,"column":24},"end":{"line":79,"column":36}},{"start":{"line":79,"column":40},"end":{"line":79,"column":42}}]},"5":{"loc":{"start":{"line":108,"column":17},"end":{"line":108,"column":64}},"type":"binary-expr","locations":[{"start":{"line":108,"column":17},"end":{"line":108,"column":56}},{"start":{"line":108,"column":60},"end":{"line":108,"column":64}}]},"6":{"loc":{"start":{"line":114,"column":39},"end":{"line":114,"column":65}},"type":"binary-expr","locations":[{"start":{"line":114,"column":39},"end":{"line":114,"column":59}},{"start":{"line":114,"column":63},"end":{"line":114,"column":65}}]},"7":{"loc":{"start":{"line":115,"column":27},"end":{"line":115,"column":52}},"type":"binary-expr","locations":[{"start":{"line":115,"column":27},"end":{"line":115,"column":46}},{"start":{"line":115,"column":50},"end":{"line":115,"column":52}}]},"8":{"loc":{"start":{"line":116,"column":22},"end":{"line":116,"column":42}},"type":"binary-expr","locations":[{"start":{"line":116,"column":22},"end":{"line":116,"column":36}},{"start":{"line":116,"column":40},"end":{"line":116,"column":42}}]},"9":{"loc":{"start":{"line":117,"column":13},"end":{"line":117,"column":60}},"type":"cond-expr","locations":[{"start":{"line":117,"column":43},"end":{"line":117,"column":55}},{"start":{"line":117,"column":58},"end":{"line":117,"column":60}}]},"10":{"loc":{"start":{"line":118,"column":12},"end":{"line":118,"column":57}},"type":"cond-expr","locations":[{"start":{"line":118,"column":41},"end":{"line":118,"column":52}},{"start":{"line":118,"column":55},"end":{"line":118,"column":57}}]},"11":{"loc":{"start":{"line":140,"column":11},"end":{"line":140,"column":56}},"type":"binary-expr","locations":[{"start":{"line":140,"column":11},"end":{"line":140,"column":50}},{"start":{"line":140,"column":54},"end":{"line":140,"column":56}}]},"12":{"loc":{"start":{"line":38,"column":39},"end":{"line":38,"column":null}},"type":"cond-expr","locations":[{"start":{"line":38,"column":52},"end":{"line":38,"column":null}},{"start":{"line":38,"column":52},"end":{"line":38,"column":null}}]},"13":{"loc":{"start":{"line":38,"column":39},"end":{"line":38,"column":52}},"type":"binary-expr","locations":[{"start":{"line":38,"column":39},"end":{"line":38,"column":null}},{"start":{"line":38,"column":39},"end":{"line":38,"column":52}}]}},"s":{"0":7,"1":7,"2":7,"3":7,"4":7,"5":7,"6":13,"7":13,"8":5,"9":4,"10":4,"11":4,"12":3,"13":0,"14":3,"15":4,"16":1,"17":4,"18":4,"19":4,"20":4,"21":3,"22":2,"23":7,"24":7},"f":{"0":13,"1":5,"2":4,"3":4,"4":3},"b":{"0":[4,0],"1":[0,3],"2":[4,0],"3":[3,1],"4":[4,0],"5":[4,0],"6":[4,1],"7":[4,0],"8":[4,0],"9":[3,1],"10":[3,1],"11":[2,1],"12":[7,0],"13":[7,7]}}
,"/Users/khalifa/Documents/WORK/eds-ledger/backend/src/auth/auth.controller.ts": {"path":"/Users/khalifa/Documents/WORK/eds-ledger/backend/src/auth/auth.controller.ts","statementMap":{"0":{"start":{"line":1,"column":0},"end":{"line":1,"column":null}},"1":{"start":{"line":11,"column":0},"end":{"line":11,"column":45}},"2":{"start":{"line":12,"column":0},"end":{"line":12,"column":45}},"3":{"start":{"line":13,"column":0},"end":{"line":13,"column":45}},"4":{"start":{"line":14,"column":0},"end":{"line":14,"column":51}},"5":{"start":{"line":17,"column":7},"end":{"line":37,"column":null}},"6":{"start":{"line":18,"column":31},"end":{"line":18,"column":44}},"7":{"start":{"line":22,"column":4},"end":{"line":22,"column":42}},"8":{"start":{"line":29,"column":4},"end":{"line":29,"column":39}},"9":{"start":{"line":35,"column":4},"end":{"line":35,"column":20}},"10":{"start":{"line":17,"column":13},"end":{"line":17,"column":27}},"11":{"start":{"line":21,"column":2},"end":{"line":23,"column":null}},"12":{"start":{"line":28,"column":2},"end":{"line":30,"column":null}},"13":{"start":{"line":34,"column":2},"end":{"line":36,"column":null}},"14":{"start":{"line":17,"column":13},"end":{"line":37,"column":null}}},"fnMap":{"0":{"name":"(anonymous_4)","decl":{"start":{"line":18,"column":2},"end":{"line":18,"column":31}},"loc":{"start":{"line":18,"column":55},"end":{"line":18,"column":59}}},"1":{"name":"(anonymous_5)","decl":{"start":{"line":21,"column":2},"end":{"line":21,"column":10}},"loc":{"start":{"line":21,"column":35},"end":{"line":23,"column":3}}},"2":{"name":"(anonymous_6)","decl":{"start":{"line":28,"column":2},"end":{"line":28,"column":7}},"loc":{"start":{"line":28,"column":29},"end":{"line":30,"column":3}}},"3":{"name":"(anonymous_7)","decl":{"start":{"line":34,"column":2},"end":{"line":34,"column":4}},"loc":{"start":{"line":34,"column":78},"end":{"line":36,"column":3}}}},"branchMap":{"0":{"loc":{"start":{"line":21,"column":24},"end":{"line":21,"column":null}},"type":"cond-expr","locations":[{"start":{"line":21,"column":35},"end":{"line":21,"column":null}},{"start":{"line":21,"column":35},"end":{"line":21,"column":null}}]},"1":{"loc":{"start":{"line":21,"column":24},"end":{"line":21,"column":35}},"type":"binary-expr","locations":[{"start":{"line":21,"column":24},"end":{"line":21,"column":null}},{"start":{"line":21,"column":24},"end":{"line":21,"column":35}}]},"2":{"loc":{"start":{"line":28,"column":21},"end":{"line":28,"column":null}},"type":"cond-expr","locations":[{"start":{"line":28,"column":29},"end":{"line":28,"column":null}},{"start":{"line":28,"column":29},"end":{"line":28,"column":null}}]},"3":{"loc":{"start":{"line":28,"column":21},"end":{"line":28,"column":29}},"type":"binary-expr","locations":[{"start":{"line":28,"column":21},"end":{"line":28,"column":null}},{"start":{"line":28,"column":21},"end":{"line":28,"column":29}}]},"4":{"loc":{"start":{"line":18,"column":44},"end":{"line":18,"column":58}},"type":"cond-expr","locations":[{"start":{"line":18,"column":55},"end":{"line":18,"column":58}},{"start":{"line":18,"column":55},"end":{"line":18,"column":58}}]},"5":{"loc":{"start":{"line":18,"column":44},"end":{"line":18,"column":55}},"type":"binary-expr","locations":[{"start":{"line":18,"column":44},"end":{"line":18,"column":58}},{"start":{"line":18,"column":44},"end":{"line":18,"column":55}}]}},"s":{"0":1,"1":1,"2":1,"3":1,"4":1,"5":1,"6":5,"7":2,"8":2,"9":1,"10":1,"11":1,"12":1,"13":1,"14":1},"f":{"0":5,"1":2,"2":2,"3":1},"b":{"0":[1,0],"1":[1,1],"2":[1,0],"3":[1,1],"4":[1,0],"5":[1,1]}}
,"/Users/khalifa/Documents/WORK/eds-ledger/backend/src/auth/auth.dto.ts": {"path":"/Users/khalifa/Documents/WORK/eds-ledger/backend/src/auth/auth.dto.ts","statementMap":{"0":{"start":{"line":1,"column":0},"end":{"line":1,"column":null}},"1":{"start":{"line":9,"column":0},"end":{"line":9,"column":13}},"2":{"start":{"line":11,"column":2},"end":{"line":11,"column":null}},"3":{"start":{"line":16,"column":2},"end":{"line":16,"column":null}},"4":{"start":{"line":21,"column":2},"end":{"line":21,"column":null}},"5":{"start":{"line":24,"column":0},"end":{"line":24,"column":13}},"6":{"start":{"line":26,"column":2},"end":{"line":26,"column":null}},"7":{"start":{"line":30,"column":2},"end":{"line":30,"column":null}}},"fnMap":{},"branchMap":{},"s":{"0":1,"1":1,"2":1,"3":1,"4":1,"5":1,"6":1,"7":1},"f":{},"b":{}}
,"/Users/khalifa/Documents/WORK/eds-ledger/backend/src/auth/auth.module.ts": {"path":"/Users/khalifa/Documents/WORK/eds-ledger/backend/src/auth/auth.module.ts","statementMap":{"0":{"start":{"line":1,"column":0},"end":{"line":1,"column":40}},"1":{"start":{"line":2,"column":0},"end":{"line":2,"column":40}},"2":{"start":{"line":3,"column":0},"end":{"line":3,"column":50}},"3":{"start":{"line":4,"column":0},"end":{"line":4,"column":61}},"4":{"start":{"line":5,"column":0},"end":{"line":5,"column":45}},"5":{"start":{"line":6,"column":0},"end":{"line":6,"column":51}},"6":{"start":{"line":7,"column":0},"end":{"line":7,"column":45}},"7":{"start":{"line":24,"column":7},"end":{"line":24,"column":null}},"8":{"start":{"line":24,"column":13},"end":{"line":24,"column":23}},"9":{"start":{"line":24,"column":13},"end":{"line":24,"column":null}},"10":{"start":{"line":15,"column":46},"end":{"line":18,"column":8}}},"fnMap":{"0":{"name":"(anonymous_1)","decl":{"start":{"line":15,"column":18},"end":{"line":15,"column":19}},"loc":{"start":{"line":15,"column":46},"end":{"line":18,"column":8}}}},"branchMap":{},"s":{"0":0,"1":0,"2":0,"3":0,"4":0,"5":0,"6":0,"7":0,"8":0,"9":0,"10":0},"f":{"0":0},"b":{}}
,"/Users/khalifa/Documents/WORK/eds-ledger/backend/src/auth/auth.service.ts": {"path":"/Users/khalifa/Documents/WORK/eds-ledger/backend/src/auth/auth.service.ts","statementMap":{"0":{"start":{"line":1,"column":0},"end":{"line":1,"column":null}},"1":{"start":{"line":6,"column":0},"end":{"line":6,"column":41}},"2":{"start":{"line":7,"column":0},"end":{"line":7,"column":33}},"3":{"start":{"line":8,"column":0},"end":{"line":8,"column":57}},"4":{"start":{"line":12,"column":7},"end":{"line":60,"column":null}},"5":{"start":{"line":14,"column":21},"end":{"line":14,"column":29}},"6":{"start":{"line":15,"column":21},"end":{"line":15,"column":33}},"7":{"start":{"line":19,"column":21},"end":{"line":21,"column":6}},"8":{"start":{"line":22,"column":4},"end":{"line":24,"column":5}},"9":{"start":{"line":23,"column":6},"end":{"line":23,"column":58}},"10":{"start":{"line":26,"column":25},"end":{"line":26,"column":60}},"11":{"start":{"line":27,"column":17},"end":{"line":30,"column":6}},"12":{"start":{"line":32,"column":18},"end":{"line":32,"column":53}},"13":{"start":{"line":33,"column":4},"end":{"line":33,"column":27}},"14":{"start":{"line":37,"column":17},"end":{"line":39,"column":6}},"15":{"start":{"line":40,"column":4},"end":{"line":42,"column":5}},"16":{"start":{"line":41,"column":6},"end":{"line":41,"column":61}},"17":{"start":{"line":44,"column":18},"end":{"line":44,"column":67}},"18":{"start":{"line":45,"column":4},"end":{"line":47,"column":5}},"19":{"start":{"line":46,"column":6},"end":{"line":46,"column":61}},"20":{"start":{"line":49,"column":44},"end":{"line":49,"column":48}},"21":{"start":{"line":50,"column":18},"end":{"line":50,"column":53}},"22":{"start":{"line":51,"column":4},"end":{"line":51,"column":37}},"23":{"start":{"line":55,"column":4},"end":{"line":58,"column":6}},"24":{"start":{"line":12,"column":13},"end":{"line":12,"column":24}},"25":{"start":{"line":12,"column":13},"end":{"line":60,"column":null}}},"fnMap":{"0":{"name":"(anonymous_11)","decl":{"start":{"line":13,"column":2},"end":{"line":13,"column":null}},"loc":{"start":{"line":15,"column":43},"end":{"line":16,"column":6}}},"1":{"name":"(anonymous_12)","decl":{"start":{"line":18,"column":2},"end":{"line":18,"column":7}},"loc":{"start":{"line":18,"column":33},"end":{"line":34,"column":3}}},"2":{"name":"(anonymous_13)","decl":{"start":{"line":36,"column":2},"end":{"line":36,"column":7}},"loc":{"start":{"line":36,"column":27},"end":{"line":52,"column":3}}},"3":{"name":"(anonymous_14)","decl":{"start":{"line":54,"column":10},"end":{"line":54,"column":19}},"loc":{"start":{"line":54,"column":49},"end":{"line":59,"column":3}}}},"branchMap":{"0":{"loc":{"start":{"line":22,"column":4},"end":{"line":24,"column":5}},"type":"if","locations":[{"start":{"line":22,"column":4},"end":{"line":24,"column":5}},{"start":{},"end":{}}]},"1":{"loc":{"start":{"line":40,"column":4},"end":{"line":42,"column":5}},"type":"if","locations":[{"start":{"line":40,"column":4},"end":{"line":42,"column":5}},{"start":{},"end":{}}]},"2":{"loc":{"start":{"line":45,"column":4},"end":{"line":47,"column":5}},"type":"if","locations":[{"start":{"line":45,"column":4},"end":{"line":47,"column":5}},{"start":{},"end":{}}]},"3":{"loc":{"start":{"line":14,"column":29},"end":{"line":14,"column":null}},"type":"cond-expr","locations":[{"start":{"line":14,"column":42},"end":{"line":14,"column":null}},{"start":{"line":14,"column":42},"end":{"line":14,"column":null}}]},"4":{"loc":{"start":{"line":14,"column":29},"end":{"line":14,"column":42}},"type":"binary-expr","locations":[{"start":{"line":14,"column":29},"end":{"line":14,"column":null}},{"start":{"line":14,"column":29},"end":{"line":14,"column":42}}]},"5":{"loc":{"start":{"line":14,"column":42},"end":{"line":15,"column":null}},"type":"cond-expr","locations":[{"start":{"line":15,"column":43},"end":{"line":15,"column":null}},{"start":{"line":15,"column":43},"end":{"line":15,"column":null}}]},"6":{"loc":{"start":{"line":14,"column":42},"end":{"line":15,"column":43}},"type":"binary-expr","locations":[{"start":{"line":14,"column":42},"end":{"line":15,"column":null}},{"start":{"line":15,"column":33},"end":{"line":15,"column":43}}]}},"s":{"0":2,"1":2,"2":2,"3":2,"4":2,"5":10,"6":10,"7":3,"8":3,"9":1,"10":2,"11":2,"12":2,"13":2,"14":7,"15":7,"16":1,"17":6,"18":6,"19":1,"20":5,"21":5,"22":5,"23":7,"24":2,"25":2},"f":{"0":10,"1":3,"2":7,"3":7},"b":{"0":[1,2],"1":[1,6],"2":[1,5],"3":[2,0],"4":[2,2],"5":[2,0],"6":[2,2]}}
,"/Users/khalifa/Documents/WORK/eds-ledger/backend/src/auth/jwt.strategy.ts": {"path":"/Users/khalifa/Documents/WORK/eds-ledger/backend/src/auth/jwt.strategy.ts","statementMap":{"0":{"start":{"line":1,"column":0},"end":{"line":1,"column":44}},"1":{"start":{"line":2,"column":0},"end":{"line":2,"column":52}},"2":{"start":{"line":3,"column":0},"end":{"line":3,"column":52}},"3":{"start":{"line":4,"column":0},"end":{"line":4,"column":47}},"4":{"start":{"line":7,"column":7},"end":{"line":19,"column":null}},"5":{"start":{"line":9,"column":4},"end":{"line":13,"column":7}},"6":{"start":{"line":17,"column":4},"end":{"line":17,"column":53}},"7":{"start":{"line":7,"column":13},"end":{"line":7,"column":24}},"8":{"start":{"line":7,"column":13},"end":{"line":19,"column":null}}},"fnMap":{"0":{"name":"(anonymous_2)","decl":{"start":{"line":8,"column":2},"end":{"line":8,"column":14}},"loc":{"start":{"line":8,"column":35},"end":{"line":14,"column":3}}},"1":{"name":"(anonymous_3)","decl":{"start":{"line":16,"column":2},"end":{"line":16,"column":10}},"loc":{"start":{"line":16,"column":50},"end":{"line":18,"column":3}}}},"branchMap":{"0":{"loc":{"start":{"line":8,"column":22},"end":{"line":8,"column":null}},"type":"cond-expr","locations":[{"start":{"line":8,"column":35},"end":{"line":8,"column":null}},{"start":{"line":8,"column":35},"end":{"line":8,"column":null}}]},"1":{"loc":{"start":{"line":8,"column":22},"end":{"line":8,"column":35}},"type":"binary-expr","locations":[{"start":{"line":8,"column":22},"end":{"line":8,"column":null}},{"start":{"line":8,"column":22},"end":{"line":8,"column":35}}]}},"s":{"0":1,"1":1,"2":1,"3":1,"4":1,"5":6,"6":4,"7":1,"8":1},"f":{"0":6,"1":4},"b":{"0":[1,0],"1":[1,1]}}
,"/Users/khalifa/Documents/WORK/eds-ledger/backend/src/chat/chat.controller.ts": {"path":"/Users/khalifa/Documents/WORK/eds-ledger/backend/src/chat/chat.controller.ts","statementMap":{"0":{"start":{"line":1,"column":0},"end":{"line":1,"column":67}},"1":{"start":{"line":2,"column":0},"end":{"line":2,"column":45}},"2":{"start":{"line":3,"column":0},"end":{"line":3,"column":45}},"3":{"start":{"line":4,"column":0},"end":{"line":4,"column":45}},"4":{"start":{"line":5,"column":0},"end":{"line":5,"column":37}},"5":{"start":{"line":6,"column":0},"end":{"line":6,"column":74}},"6":{"start":{"line":10,"column":7},"end":{"line":21,"column":null}},"7":{"start":{"line":11,"column":31},"end":{"line":11,"column":44}},"8":{"start":{"line":19,"column":4},"end":{"line":19,"column":54}},"9":{"start":{"line":10,"column":13},"end":{"line":10,"column":27}},"10":{"start":{"line":15,"column":2},"end":{"line":20,"column":null}},"11":{"start":{"line":10,"column":13},"end":{"line":21,"column":null}}},"fnMap":{"0":{"name":"(anonymous_4)","decl":{"start":{"line":11,"column":2},"end":{"line":11,"column":31}},"loc":{"start":{"line":11,"column":55},"end":{"line":11,"column":59}}},"1":{"name":"(anonymous_5)","decl":{"start":{"line":15,"column":2},"end":{"line":15,"column":5}},"loc":{"start":{"line":17,"column":24},"end":{"line":20,"column":3}}}},"branchMap":{"0":{"loc":{"start":{"line":17,"column":17},"end":{"line":17,"column":null}},"type":"cond-expr","locations":[{"start":{"line":17,"column":24},"end":{"line":17,"column":null}},{"start":{"line":17,"column":24},"end":{"line":17,"column":null}}]},"1":{"loc":{"start":{"line":17,"column":17},"end":{"line":17,"column":24}},"type":"binary-expr","locations":[{"start":{"line":17,"column":17},"end":{"line":17,"column":null}},{"start":{"line":17,"column":17},"end":{"line":17,"column":24}}]},"2":{"loc":{"start":{"line":11,"column":44},"end":{"line":11,"column":58}},"type":"cond-expr","locations":[{"start":{"line":11,"column":55},"end":{"line":11,"column":58}},{"start":{"line":11,"column":55},"end":{"line":11,"column":58}}]},"3":{"loc":{"start":{"line":11,"column":44},"end":{"line":11,"column":55}},"type":"binary-expr","locations":[{"start":{"line":11,"column":44},"end":{"line":11,"column":58}},{"start":{"line":11,"column":44},"end":{"line":11,"column":55}}]}},"s":{"0":1,"1":1,"2":1,"3":1,"4":1,"5":1,"6":1,"7":5,"8":6,"9":1,"10":1,"11":1},"f":{"0":5,"1":6},"b":{"0":[1,0],"1":[1,1],"2":[1,0],"3":[1,1]}}
,"/Users/khalifa/Documents/WORK/eds-ledger/backend/src/chat/chat.dto.ts": {"path":"/Users/khalifa/Documents/WORK/eds-ledger/backend/src/chat/chat.dto.ts","statementMap":{"0":{"start":{"line":1,"column":0},"end":{"line":1,"column":66}},"1":{"start":{"line":3,"column":0},"end":{"line":3,"column":13}},"2":{"start":{"line":7,"column":2},"end":{"line":7,"column":null}}},"fnMap":{},"branchMap":{},"s":{"0":1,"1":1,"2":1},"f":{},"b":{}}
,"/Users/khalifa/Documents/WORK/eds-ledger/backend/src/chat/chat.module.ts": {"path":"/Users/khalifa/Documents/WORK/eds-ledger/backend/src/chat/chat.module.ts","statementMap":{"0":{"start":{"line":1,"column":0},"end":{"line":1,"column":40}},"1":{"start":{"line":2,"column":0},"end":{"line":2,"column":45}},"2":{"start":{"line":3,"column":0},"end":{"line":3,"column":51}},"3":{"start":{"line":4,"column":0},"end":{"line":4,"column":43}},"4":{"start":{"line":11,"column":7},"end":{"line":11,"column":null}},"5":{"start":{"line":11,"column":13},"end":{"line":11,"column":23}},"6":{"start":{"line":11,"column":13},"end":{"line":11,"column":null}}},"fnMap":{},"branchMap":{},"s":{"0":0,"1":0,"2":0,"3":0,"4":0,"5":0,"6":0},"f":{},"b":{}}
,"/Users/khalifa/Documents/WORK/eds-ledger/backend/src/chat/chat.service.ts": {"path":"/Users/khalifa/Documents/WORK/eds-ledger/backend/src/chat/chat.service.ts","statementMap":{"0":{"start":{"line":1,"column":0},"end":{"line":1,"column":44}},"1":{"start":{"line":2,"column":0},"end":{"line":2,"column":57}},"2":{"start":{"line":3,"column":0},"end":{"line":3,"column":45}},"3":{"start":{"line":6,"column":7},"end":{"line":29,"column":null}},"4":{"start":{"line":8,"column":21},"end":{"line":8,"column":29}},"5":{"start":{"line":9,"column":21},"end":{"line":9,"column":25}},"6":{"start":{"line":13,"column":16},"end":{"line":13,"column":26}},"7":{"start":{"line":14,"column":18},"end":{"line":14,"column":64}},"8":{"start":{"line":15,"column":16},"end":{"line":15,"column":66}},"9":{"start":{"line":17,"column":21},"end":{"line":19,"column":6}},"10":{"start":{"line":21,"column":51},"end":{"line":21,"column":53}},"11":{"start":{"line":22,"column":4},"end":{"line":24,"column":5}},"12":{"start":{"line":23,"column":6},"end":{"line":23,"column":86}},"13":{"start":{"line":26,"column":18},"end":{"line":26,"column":61}},"14":{"start":{"line":27,"column":4},"end":{"line":27,"column":21}},"15":{"start":{"line":6,"column":13},"end":{"line":6,"column":24}},"16":{"start":{"line":6,"column":13},"end":{"line":29,"column":null}}},"fnMap":{"0":{"name":"(anonymous_2)","decl":{"start":{"line":7,"column":2},"end":{"line":7,"column":null}},"loc":{"start":{"line":9,"column":34},"end":{"line":10,"column":6}}},"1":{"name":"(anonymous_3)","decl":{"start":{"line":12,"column":2},"end":{"line":12,"column":7}},"loc":{"start":{"line":12,"column":43},"end":{"line":28,"column":3}}}},"branchMap":{"0":{"loc":{"start":{"line":23,"column":38},"end":{"line":23,"column":71}},"type":"binary-expr","locations":[{"start":{"line":23,"column":38},"end":{"line":23,"column":66}},{"start":{"line":23,"column":70},"end":{"line":23,"column":71}}]},"1":{"loc":{"start":{"line":8,"column":29},"end":{"line":8,"column":null}},"type":"cond-expr","locations":[{"start":{"line":8,"column":42},"end":{"line":8,"column":null}},{"start":{"line":8,"column":42},"end":{"line":8,"column":null}}]},"2":{"loc":{"start":{"line":8,"column":29},"end":{"line":8,"column":42}},"type":"binary-expr","locations":[{"start":{"line":8,"column":29},"end":{"line":8,"column":null}},{"start":{"line":8,"column":29},"end":{"line":8,"column":42}}]},"3":{"loc":{"start":{"line":8,"column":42},"end":{"line":9,"column":null}},"type":"cond-expr","locations":[{"start":{"line":9,"column":34},"end":{"line":9,"column":null}},{"start":{"line":9,"column":34},"end":{"line":9,"column":null}}]},"4":{"loc":{"start":{"line":8,"column":42},"end":{"line":9,"column":34}},"type":"binary-expr","locations":[{"start":{"line":8,"column":42},"end":{"line":9,"column":null}},{"start":{"line":9,"column":25},"end":{"line":9,"column":34}}]}},"s":{"0":2,"1":2,"2":2,"3":2,"4":7,"5":7,"6":7,"7":7,"8":7,"9":7,"10":7,"11":7,"12":6,"13":7,"14":7,"15":2,"16":2},"f":{"0":7,"1":7},"b":{"0":[6,5],"1":[2,0],"2":[2,2],"3":[2,0],"4":[2,2]}}
,"/Users/khalifa/Documents/WORK/eds-ledger/backend/src/common/decorators/current-user.decorator.ts": {"path":"/Users/khalifa/Documents/WORK/eds-ledger/backend/src/common/decorators/current-user.decorator.ts","statementMap":{"0":{"start":{"line":1,"column":0},"end":{"line":1,"column":72}},"1":{"start":{"line":3,"column":13},"end":{"line":8,"column":2}},"2":{"start":{"line":5,"column":20},"end":{"line":5,"column":92}},"3":{"start":{"line":6,"column":4},"end":{"line":6,"column":24}}},"fnMap":{"0":{"name":"(anonymous_0)","decl":{"start":{"line":4,"column":2},"end":{"line":4,"column":3}},"loc":{"start":{"line":4,"column":44},"end":{"line":7,"column":3}}}},"branchMap":{},"s":{"0":3,"1":3,"2":0,"3":0},"f":{"0":0},"b":{}}
,"/Users/khalifa/Documents/WORK/eds-ledger/backend/src/expenses/expenses.controller.ts": {"path":"/Users/khalifa/Documents/WORK/eds-ledger/backend/src/expenses/expenses.controller.ts","statementMap":{"0":{"start":{"line":1,"column":0},"end":{"line":1,"column":null}},"1":{"start":{"line":13,"column":0},"end":{"line":13,"column":45}},"2":{"start":{"line":14,"column":0},"end":{"line":14,"column":59}},"3":{"start":{"line":15,"column":0},"end":{"line":15,"column":37}},"4":{"start":{"line":16,"column":0},"end":{"line":16,"column":29}},"5":{"start":{"line":17,"column":0},"end":{"line":17,"column":33}},"6":{"start":{"line":18,"column":0},"end":{"line":18,"column":53}},"7":{"start":{"line":19,"column":0},"end":{"line":19,"column":50}},"8":{"start":{"line":20,"column":0},"end":{"line":20,"column":74}},"9":{"start":{"line":24,"column":7},"end":{"line":76,"column":null}},"10":{"start":{"line":25,"column":31},"end":{"line":25,"column":48}},"11":{"start":{"line":29,"column":4},"end":{"line":29,"column":49}},"12":{"start":{"line":37,"column":4},"end":{"line":37,"column":53}},"13":{"start":{"line":45,"column":4},"end":{"line":45,"column":52}},"14":{"start":{"line":74,"column":4},"end":{"line":74,"column":62}},"15":{"start":{"line":24,"column":13},"end":{"line":24,"column":31}},"16":{"start":{"line":28,"column":2},"end":{"line":30,"column":null}},"17":{"start":{"line":33,"column":2},"end":{"line":38,"column":null}},"18":{"start":{"line":41,"column":2},"end":{"line":46,"column":null}},"19":{"start":{"line":70,"column":2},"end":{"line":75,"column":null}},"20":{"start":{"line":54,"column":10},"end":{"line":54,"column":49}},"21":{"start":{"line":59,"column":8},"end":{"line":66,"column":9}},"22":{"start":{"line":63,"column":10},"end":{"line":63,"column":25}},"23":{"start":{"line":65,"column":10},"end":{"line":65,"column":61}},"24":{"start":{"line":24,"column":13},"end":{"line":76,"column":null}}},"fnMap":{"0":{"name":"(anonymous_13)","decl":{"start":{"line":25,"column":2},"end":{"line":25,"column":31}},"loc":{"start":{"line":25,"column":63},"end":{"line":25,"column":67}}},"1":{"name":"(anonymous_14)","decl":{"start":{"line":28,"column":2},"end":{"line":28,"column":9}},"loc":{"start":{"line":28,"column":45},"end":{"line":30,"column":3}}},"2":{"name":"(anonymous_15)","decl":{"start":{"line":33,"column":2},"end":{"line":33,"column":8}},"loc":{"start":{"line":35,"column":33},"end":{"line":38,"column":3}}},"3":{"name":"(anonymous_16)","decl":{"start":{"line":41,"column":2},"end":{"line":41,"column":8}},"loc":{"start":{"line":43,"column":42},"end":{"line":46,"column":3}}},"4":{"name":"(anonymous_17)","decl":{"start":{"line":70,"column":2},"end":{"line":70,"column":11}},"loc":{"start":{"line":72,"column":45},"end":{"line":75,"column":3}}},"5":{"name":"(anonymous_18)","decl":{"start":{"line":53,"column":18},"end":{"line":53,"column":19}},"loc":{"start":{"line":53,"column":38},"end":{"line":55,"column":9}}},"6":{"name":"(anonymous_19)","decl":{"start":{"line":58,"column":18},"end":{"line":58,"column":19}},"loc":{"start":{"line":58,"column":37},"end":{"line":67,"column":7}}}},"branchMap":{"0":{"loc":{"start":{"line":35,"column":17},"end":{"line":35,"column":null}},"type":"cond-expr","locations":[{"start":{"line":35,"column":33},"end":{"line":35,"column":null}},{"start":{"line":35,"column":33},"end":{"line":35,"column":null}}]},"1":{"loc":{"start":{"line":35,"column":17},"end":{"line":35,"column":33}},"type":"binary-expr","locations":[{"start":{"line":35,"column":17},"end":{"line":35,"column":null}},{"start":{"line":35,"column":17},"end":{"line":35,"column":33}}]},"2":{"loc":{"start":{"line":59,"column":8},"end":{"line":66,"column":9}},"type":"if","locations":[{"start":{"line":59,"column":8},"end":{"line":66,"column":9}},{"start":{"line":64,"column":15},"end":{"line":66,"column":9}}]},"3":{"loc":{"start":{"line":60,"column":10},"end":{"line":61,"column":66}},"type":"binary-expr","locations":[{"start":{"line":60,"column":10},"end":{"line":60,"column":38}},{"start":{"line":61,"column":10},"end":{"line":61,"column":66}}]},"4":{"loc":{"start":{"line":72,"column":26},"end":{"line":72,"column":null}},"type":"cond-expr","locations":[{"start":{"line":72,"column":45},"end":{"line":72,"column":null}},{"start":{"line":72,"column":45},"end":{"line":72,"column":null}}]},"5":{"loc":{"start":{"line":72,"column":26},"end":{"line":72,"column":45}},"type":"binary-expr","locations":[{"start":{"line":72,"column":26},"end":{"line":72,"column":34}},{"start":{"line":72,"column":33},"end":{"line":72,"column":41}},{"start":{"line":72,"column":40},"end":{"line":72,"column":45}}]},"6":{"loc":{"start":{"line":25,"column":48},"end":{"line":25,"column":66}},"type":"cond-expr","locations":[{"start":{"line":25,"column":63},"end":{"line":25,"column":66}},{"start":{"line":25,"column":63},"end":{"line":25,"column":66}}]},"7":{"loc":{"start":{"line":25,"column":48},"end":{"line":25,"column":63}},"type":"binary-expr","locations":[{"start":{"line":25,"column":48},"end":{"line":25,"column":66}},{"start":{"line":25,"column":48},"end":{"line":25,"column":63}}]}},"s":{"0":1,"1":1,"2":1,"3":1,"4":1,"5":1,"6":1,"7":1,"8":1,"9":1,"10":10,"11":3,"12":2,"13":3,"14":2,"15":1,"16":1,"17":1,"18":1,"19":1,"20":0,"21":0,"22":0,"23":0,"24":1},"f":{"0":10,"1":3,"2":2,"3":3,"4":2,"5":0,"6":0},"b":{"0":[1,0],"1":[1,1],"2":[0,0],"3":[0,0],"4":[0,1],"5":[1,0,0],"6":[1,0],"7":[1,1]}}
,"/Users/khalifa/Documents/WORK/eds-ledger/backend/src/expenses/expenses.dto.ts": {"path":"/Users/khalifa/Documents/WORK/eds-ledger/backend/src/expenses/expenses.dto.ts","statementMap":{"0":{"start":{"line":1,"column":0},"end":{"line":1,"column":null}},"1":{"start":{"line":10,"column":0},"end":{"line":10,"column":41}},"2":{"start":{"line":12,"column":0},"end":{"line":12,"column":13}},"3":{"start":{"line":16,"column":2},"end":{"line":16,"column":null}},"4":{"start":{"line":21,"column":2},"end":{"line":21,"column":null}},"5":{"start":{"line":18,"column":14},"end":{"line":18,"column":20}},"6":{"start":{"line":25,"column":2},"end":{"line":25,"column":null}}},"fnMap":{"0":{"name":"(anonymous_2)","decl":{"start":{"line":18,"column":8},"end":{"line":18,"column":11}},"loc":{"start":{"line":18,"column":14},"end":{"line":18,"column":20}}}},"branchMap":{},"s":{"0":1,"1":1,"2":1,"3":1,"4":1,"5":0,"6":1},"f":{"0":0},"b":{}}
,"/Users/khalifa/Documents/WORK/eds-ledger/backend/src/expenses/expenses.module.ts": {"path":"/Users/khalifa/Documents/WORK/eds-ledger/backend/src/expenses/expenses.module.ts","statementMap":{"0":{"start":{"line":1,"column":0},"end":{"line":1,"column":40}},"1":{"start":{"line":2,"column":0},"end":{"line":2,"column":53}},"2":{"start":{"line":3,"column":0},"end":{"line":3,"column":59}},"3":{"start":{"line":4,"column":0},"end":{"line":4,"column":43}},"4":{"start":{"line":11,"column":7},"end":{"line":11,"column":null}},"5":{"start":{"line":11,"column":13},"end":{"line":11,"column":27}},"6":{"start":{"line":11,"column":13},"end":{"line":11,"column":null}}},"fnMap":{},"branchMap":{},"s":{"0":0,"1":0,"2":0,"3":0,"4":0,"5":0,"6":0},"f":{},"b":{}}
,"/Users/khalifa/Documents/WORK/eds-ledger/backend/src/expenses/expenses.service.ts": {"path":"/Users/khalifa/Documents/WORK/eds-ledger/backend/src/expenses/expenses.service.ts","statementMap":{"0":{"start":{"line":1,"column":0},"end":{"line":1,"column":84}},"1":{"start":{"line":2,"column":0},"end":{"line":2,"column":57}},"2":{"start":{"line":3,"column":0},"end":{"line":3,"column":45}},"3":{"start":{"line":5,"column":0},"end":{"line":5,"column":29}},"4":{"start":{"line":6,"column":0},"end":{"line":6,"column":25}},"5":{"start":{"line":7,"column":0},"end":{"line":7,"column":51}},"6":{"start":{"line":10,"column":7},"end":{"line":107,"column":null}},"7":{"start":{"line":12,"column":21},"end":{"line":12,"column":29}},"8":{"start":{"line":13,"column":21},"end":{"line":13,"column":25}},"9":{"start":{"line":17,"column":4},"end":{"line":20,"column":7}},"10":{"start":{"line":24,"column":19},"end":{"line":24,"column":26}},"11":{"start":{"line":25,"column":32},"end":{"line":25,"column":36}},"12":{"start":{"line":27,"column":4},"end":{"line":37,"column":5}},"13":{"start":{"line":28,"column":28},"end":{"line":30,"column":8}},"14":{"start":{"line":31,"column":6},"end":{"line":34,"column":7}},"15":{"start":{"line":32,"column":8},"end":{"line":32,"column":40}},"16":{"start":{"line":33,"column":8},"end":{"line":33,"column":45}},"17":{"start":{"line":39,"column":4},"end":{"line":48,"column":7}},"18":{"start":{"line":52,"column":20},"end":{"line":54,"column":6}},"19":{"start":{"line":55,"column":4},"end":{"line":57,"column":5}},"20":{"start":{"line":56,"column":6},"end":{"line":56,"column":55}},"21":{"start":{"line":58,"column":4},"end":{"line":58,"column":68}},"22":{"start":{"line":62,"column":25},"end":{"line":62,"column":47}},"23":{"start":{"line":63,"column":20},"end":{"line":63,"column":58}},"24":{"start":{"line":64,"column":4},"end":{"line":64,"column":32}},"25":{"start":{"line":67,"column":4},"end":{"line":71,"column":5}},"26":{"start":{"line":68,"column":6},"end":{"line":68,"column":74}},"27":{"start":{"line":70,"column":6},"end":{"line":70,"column":58}},"28":{"start":{"line":73,"column":22},"end":{"line":80,"column":34}},"29":{"start":{"line":74,"column":21},"end":{"line":74,"column":46}},"30":{"start":{"line":75,"column":19},"end":{"line":79,"column":8}},"31":{"start":{"line":80,"column":21},"end":{"line":80,"column":33}},"32":{"start":{"line":82,"column":4},"end":{"line":84,"column":5}},"33":{"start":{"line":83,"column":6},"end":{"line":83,"column":66}},"34":{"start":{"line":86,"column":71},"end":{"line":86,"column":73}},"35":{"start":{"line":87,"column":4},"end":{"line":93,"column":5}},"36":{"start":{"line":88,"column":6},"end":{"line":90,"column":8}},"37":{"start":{"line":89,"column":30},"end":{"line":89,"column":78}},"38":{"start":{"line":95,"column":17},"end":{"line":102,"column":7}},"39":{"start":{"line":95,"column":42},"end":{"line":102,"column":6}},"40":{"start":{"line":104,"column":4},"end":{"line":104,"column":51}},"41":{"start":{"line":105,"column":4},"end":{"line":105,"column":37}},"42":{"start":{"line":10,"column":13},"end":{"line":10,"column":28}},"43":{"start":{"line":10,"column":13},"end":{"line":107,"column":null}}},"fnMap":{"0":{"name":"(anonymous_11)","decl":{"start":{"line":11,"column":2},"end":{"line":11,"column":null}},"loc":{"start":{"line":13,"column":34},"end":{"line":14,"column":6}}},"1":{"name":"(anonymous_12)","decl":{"start":{"line":16,"column":2},"end":{"line":16,"column":7}},"loc":{"start":{"line":16,"column":30},"end":{"line":21,"column":3}}},"2":{"name":"(anonymous_13)","decl":{"start":{"line":23,"column":2},"end":{"line":23,"column":7}},"loc":{"start":{"line":23,"column":52},"end":{"line":49,"column":3}}},"3":{"name":"(anonymous_14)","decl":{"start":{"line":51,"column":2},"end":{"line":51,"column":7}},"loc":{"start":{"line":51,"column":48},"end":{"line":59,"column":3}}},"4":{"name":"(anonymous_15)","decl":{"start":{"line":61,"column":2},"end":{"line":61,"column":7}},"loc":{"start":{"line":61,"column":50},"end":{"line":106,"column":3}}},"5":{"name":"(anonymous_16)","decl":{"start":{"line":74,"column":14},"end":{"line":74,"column":15}},"loc":{"start":{"line":74,"column":21},"end":{"line":74,"column":46}}},"6":{"name":"(anonymous_17)","decl":{"start":{"line":75,"column":11},"end":{"line":75,"column":12}},"loc":{"start":{"line":75,"column":19},"end":{"line":79,"column":8}}},"7":{"name":"(anonymous_18)","decl":{"start":{"line":80,"column":14},"end":{"line":80,"column":15}},"loc":{"start":{"line":80,"column":21},"end":{"line":80,"column":33}}},"8":{"name":"(anonymous_19)","decl":{"start":{"line":89,"column":22},"end":{"line":89,"column":23}},"loc":{"start":{"line":89,"column":30},"end":{"line":89,"column":78}}},"9":{"name":"(anonymous_20)","decl":{"start":{"line":95,"column":31},"end":{"line":95,"column":32}},"loc":{"start":{"line":95,"column":42},"end":{"line":102,"column":6}}}},"branchMap":{"0":{"loc":{"start":{"line":31,"column":6},"end":{"line":34,"column":7}},"type":"if","locations":[{"start":{"line":31,"column":6},"end":{"line":34,"column":7}},{"start":{},"end":{}}]},"1":{"loc":{"start":{"line":33,"column":17},"end":{"line":33,"column":44}},"type":"binary-expr","locations":[{"start":{"line":33,"column":17},"end":{"line":33,"column":36}},{"start":{"line":33,"column":40},"end":{"line":33,"column":44}}]},"2":{"loc":{"start":{"line":44,"column":14},"end":{"line":44,"column":56}},"type":"cond-expr","locations":[{"start":{"line":44,"column":25},"end":{"line":44,"column":43}},{"start":{"line":44,"column":46},"end":{"line":44,"column":56}}]},"3":{"loc":{"start":{"line":55,"column":4},"end":{"line":57,"column":5}},"type":"if","locations":[{"start":{"line":55,"column":4},"end":{"line":57,"column":5}},{"start":{},"end":{}}]},"4":{"loc":{"start":{"line":55,"column":8},"end":{"line":55,"column":45}},"type":"binary-expr","locations":[{"start":{"line":55,"column":8},"end":{"line":55,"column":16}},{"start":{"line":55,"column":20},"end":{"line":55,"column":45}}]},"5":{"loc":{"start":{"line":74,"column":21},"end":{"line":74,"column":46}},"type":"binary-expr","locations":[{"start":{"line":74,"column":21},"end":{"line":74,"column":34}},{"start":{"line":74,"column":38},"end":{"line":74,"column":46}}]},"6":{"loc":{"start":{"line":82,"column":4},"end":{"line":84,"column":5}},"type":"if","locations":[{"start":{"line":82,"column":4},"end":{"line":84,"column":5}},{"start":{},"end":{}}]},"7":{"loc":{"start":{"line":99,"column":12},"end":{"line":99,"column":50}},"type":"cond-expr","locations":[{"start":{"line":99,"column":21},"end":{"line":99,"column":37}},{"start":{"line":99,"column":40},"end":{"line":99,"column":50}}]},"8":{"loc":{"start":{"line":100,"column":16},"end":{"line":100,"column":51}},"type":"binary-expr","locations":[{"start":{"line":100,"column":16},"end":{"line":100,"column":40}},{"start":{"line":100,"column":44},"end":{"line":100,"column":51}}]},"9":{"loc":{"start":{"line":101,"column":14},"end":{"line":101,"column":45}},"type":"binary-expr","locations":[{"start":{"line":101,"column":14},"end":{"line":101,"column":37}},{"start":{"line":101,"column":41},"end":{"line":101,"column":45}}]},"10":{"loc":{"start":{"line":12,"column":29},"end":{"line":12,"column":null}},"type":"cond-expr","locations":[{"start":{"line":12,"column":42},"end":{"line":12,"column":null}},{"start":{"line":12,"column":42},"end":{"line":12,"column":null}}]},"11":{"loc":{"start":{"line":12,"column":29},"end":{"line":12,"column":42}},"type":"binary-expr","locations":[{"start":{"line":12,"column":29},"end":{"line":12,"column":null}},{"start":{"line":12,"column":29},"end":{"line":12,"column":42}}]},"12":{"loc":{"start":{"line":12,"column":42},"end":{"line":13,"column":null}},"type":"cond-expr","locations":[{"start":{"line":13,"column":34},"end":{"line":13,"column":null}},{"start":{"line":13,"column":34},"end":{"line":13,"column":null}}]},"13":{"loc":{"start":{"line":12,"column":42},"end":{"line":13,"column":34}},"type":"binary-expr","locations":[{"start":{"line":12,"column":42},"end":{"line":13,"column":null}},{"start":{"line":13,"column":25},"end":{"line":13,"column":34}}]}},"s":{"0":2,"1":2,"2":2,"3":2,"4":2,"5":2,"6":2,"7":16,"8":16,"9":4,"10":4,"11":4,"12":4,"13":4,"14":3,"15":3,"16":3,"17":4,"18":4,"19":4,"20":2,"21":2,"22":4,"23":4,"24":4,"25":4,"26":4,"27":0,"28":4,"29":4,"30":4,"31":4,"32":4,"33":2,"34":2,"35":2,"36":2,"37":4,"38":2,"39":4,"40":2,"41":2,"42":2,"43":2},"f":{"0":16,"1":4,"2":4,"3":4,"4":4,"5":4,"6":4,"7":4,"8":4,"9":4},"b":{"0":[3,0],"1":[3,2],"2":[4,0],"3":[2,2],"4":[4,3],"5":[4,4],"6":[2,2],"7":[4,0],"8":[4,0],"9":[4,4],"10":[2,0],"11":[2,2],"12":[2,0],"13":[2,2]}}
,"/Users/khalifa/Documents/WORK/eds-ledger/backend/src/prisma/prisma.module.ts": {"path":"/Users/khalifa/Documents/WORK/eds-ledger/backend/src/prisma/prisma.module.ts","statementMap":{"0":{"start":{"line":1,"column":0},"end":{"line":1,"column":48}},"1":{"start":{"line":2,"column":0},"end":{"line":2,"column":49}},"2":{"start":{"line":9,"column":7},"end":{"line":9,"column":null}},"3":{"start":{"line":9,"column":13},"end":{"line":9,"column":25}},"4":{"start":{"line":9,"column":13},"end":{"line":9,"column":null}}},"fnMap":{},"branchMap":{},"s":{"0":0,"1":0,"2":0,"3":0,"4":0},"f":{},"b":{}}
,"/Users/khalifa/Documents/WORK/eds-ledger/backend/src/prisma/prisma.service.ts": {"path":"/Users/khalifa/Documents/WORK/eds-ledger/backend/src/prisma/prisma.service.ts","statementMap":{"0":{"start":{"line":1,"column":0},"end":{"line":1,"column":75}},"1":{"start":{"line":2,"column":0},"end":{"line":2,"column":46}},"2":{"start":{"line":3,"column":0},"end":{"line":3,"column":46}},"3":{"start":{"line":6,"column":7},"end":{"line":19,"column":null}},"4":{"start":{"line":8,"column":20},"end":{"line":8,"column":80}},"5":{"start":{"line":9,"column":4},"end":{"line":9,"column":23}},"6":{"start":{"line":13,"column":4},"end":{"line":13,"column":26}},"7":{"start":{"line":17,"column":4},"end":{"line":17,"column":29}},"8":{"start":{"line":6,"column":13},"end":{"line":6,"column":26}},"9":{"start":{"line":6,"column":13},"end":{"line":19,"column":null}}},"fnMap":{"0":{"name":"(anonymous_2)","decl":{"start":{"line":7,"column":2},"end":{"line":7,"column":null}},"loc":{"start":{"line":7,"column":2},"end":{"line":10,"column":3}}},"1":{"name":"(anonymous_3)","decl":{"start":{"line":12,"column":2},"end":{"line":12,"column":7}},"loc":{"start":{"line":12,"column":20},"end":{"line":14,"column":3}}},"2":{"name":"(anonymous_4)","decl":{"start":{"line":16,"column":2},"end":{"line":16,"column":7}},"loc":{"start":{"line":16,"column":23},"end":{"line":18,"column":3}}}},"branchMap":{},"s":{"0":10,"1":10,"2":10,"3":10,"4":7,"5":7,"6":0,"7":0,"8":10,"9":10},"f":{"0":7,"1":0,"2":0},"b":{}}
,"/Users/khalifa/Documents/WORK/eds-ledger/backend/src/reports/reports.controller.ts": {"path":"/Users/khalifa/Documents/WORK/eds-ledger/backend/src/reports/reports.controller.ts","statementMap":{"0":{"start":{"line":1,"column":0},"end":{"line":1,"column":null}},"1":{"start":{"line":9,"column":0},"end":{"line":9,"column":45}},"2":{"start":{"line":10,"column":0},"end":{"line":10,"column":51}},"3":{"start":{"line":11,"column":0},"end":{"line":11,"column":74}},"4":{"start":{"line":15,"column":7},"end":{"line":35,"column":null}},"5":{"start":{"line":16,"column":31},"end":{"line":16,"column":47}},"6":{"start":{"line":24,"column":4},"end":{"line":24,"column":63}},"7":{"start":{"line":33,"column":4},"end":{"line":33,"column":68}},"8":{"start":{"line":15,"column":13},"end":{"line":15,"column":30}},"9":{"start":{"line":19,"column":2},"end":{"line":25,"column":null}},"10":{"start":{"line":28,"column":2},"end":{"line":34,"column":null}},"11":{"start":{"line":15,"column":13},"end":{"line":35,"column":null}}},"fnMap":{"0":{"name":"(anonymous_4)","decl":{"start":{"line":16,"column":2},"end":{"line":16,"column":31}},"loc":{"start":{"line":16,"column":61},"end":{"line":16,"column":65}}},"1":{"name":"(anonymous_5)","decl":{"start":{"line":19,"column":2},"end":{"line":19,"column":11}},"loc":{"start":{"line":22,"column":47},"end":{"line":25,"column":3}}},"2":{"name":"(anonymous_6)","decl":{"start":{"line":28,"column":2},"end":{"line":28,"column":16}},"loc":{"start":{"line":31,"column":47},"end":{"line":34,"column":3}}}},"branchMap":{"0":{"loc":{"start":{"line":16,"column":47},"end":{"line":16,"column":64}},"type":"cond-expr","locations":[{"start":{"line":16,"column":61},"end":{"line":16,"column":64}},{"start":{"line":16,"column":61},"end":{"line":16,"column":64}}]},"1":{"loc":{"start":{"line":16,"column":47},"end":{"line":16,"column":61}},"type":"binary-expr","locations":[{"start":{"line":16,"column":47},"end":{"line":16,"column":64}},{"start":{"line":16,"column":47},"end":{"line":16,"column":61}}]}},"s":{"0":1,"1":1,"2":1,"3":1,"4":1,"5":6,"6":3,"7":3,"8":1,"9":1,"10":1,"11":1},"f":{"0":6,"1":3,"2":3},"b":{"0":[1,0],"1":[1,1]}}
,"/Users/khalifa/Documents/WORK/eds-ledger/backend/src/reports/reports.module.ts": {"path":"/Users/khalifa/Documents/WORK/eds-ledger/backend/src/reports/reports.module.ts","statementMap":{"0":{"start":{"line":1,"column":0},"end":{"line":1,"column":40}},"1":{"start":{"line":2,"column":0},"end":{"line":2,"column":51}},"2":{"start":{"line":3,"column":0},"end":{"line":3,"column":57}},"3":{"start":{"line":4,"column":0},"end":{"line":4,"column":43}},"4":{"start":{"line":11,"column":7},"end":{"line":11,"column":null}},"5":{"start":{"line":11,"column":13},"end":{"line":11,"column":26}},"6":{"start":{"line":11,"column":13},"end":{"line":11,"column":null}}},"fnMap":{},"branchMap":{},"s":{"0":0,"1":0,"2":0,"3":0,"4":0,"5":0,"6":0},"f":{},"b":{}}
,"/Users/khalifa/Documents/WORK/eds-ledger/backend/src/reports/reports.service.ts": {"path":"/Users/khalifa/Documents/WORK/eds-ledger/backend/src/reports/reports.service.ts","statementMap":{"0":{"start":{"line":1,"column":0},"end":{"line":1,"column":63}},"1":{"start":{"line":2,"column":0},"end":{"line":2,"column":57}},"2":{"start":{"line":3,"column":0},"end":{"line":3,"column":45}},"3":{"start":{"line":6,"column":7},"end":{"line":72,"column":null}},"4":{"start":{"line":8,"column":21},"end":{"line":8,"column":29}},"5":{"start":{"line":9,"column":21},"end":{"line":9,"column":25}},"6":{"start":{"line":13,"column":19},"end":{"line":15,"column":6}},"7":{"start":{"line":16,"column":4},"end":{"line":16,"column":65}},"8":{"start":{"line":16,"column":17},"end":{"line":16,"column":65}},"9":{"start":{"line":17,"column":4},"end":{"line":17,"column":18}},"10":{"start":{"line":21,"column":18},"end":{"line":21,"column":46}},"11":{"start":{"line":22,"column":16},"end":{"line":22,"column":40}},"12":{"start":{"line":24,"column":21},"end":{"line":26,"column":6}},"13":{"start":{"line":28,"column":51},"end":{"line":28,"column":53}},"14":{"start":{"line":29,"column":21},"end":{"line":29,"column":22}},"15":{"start":{"line":30,"column":4},"end":{"line":33,"column":5}},"16":{"start":{"line":31,"column":6},"end":{"line":31,"column":86}},"17":{"start":{"line":32,"column":6},"end":{"line":32,"column":31}},"18":{"start":{"line":36,"column":4},"end":{"line":46,"column":5}},"19":{"start":{"line":37,"column":6},"end":{"line":37,"column":79}},"20":{"start":{"line":39,"column":6},"end":{"line":45,"column":8}},"21":{"start":{"line":48,"column":4},"end":{"line":70,"column":7}},"22":{"start":{"line":6,"column":13},"end":{"line":6,"column":27}},"23":{"start":{"line":6,"column":13},"end":{"line":72,"column":null}}},"fnMap":{"0":{"name":"(anonymous_2)","decl":{"start":{"line":7,"column":2},"end":{"line":7,"column":null}},"loc":{"start":{"line":9,"column":34},"end":{"line":10,"column":6}}},"1":{"name":"(anonymous_3)","decl":{"start":{"line":12,"column":2},"end":{"line":12,"column":7}},"loc":{"start":{"line":12,"column":61},"end":{"line":18,"column":3}}},"2":{"name":"(anonymous_4)","decl":{"start":{"line":20,"column":2},"end":{"line":20,"column":7}},"loc":{"start":{"line":20,"column":66},"end":{"line":71,"column":3}}}},"branchMap":{"0":{"loc":{"start":{"line":16,"column":4},"end":{"line":16,"column":65}},"type":"if","locations":[{"start":{"line":16,"column":4},"end":{"line":16,"column":65}},{"start":{},"end":{}}]},"1":{"loc":{"start":{"line":31,"column":38},"end":{"line":31,"column":71}},"type":"binary-expr","locations":[{"start":{"line":31,"column":38},"end":{"line":31,"column":66}},{"start":{"line":31,"column":70},"end":{"line":31,"column":71}}]},"2":{"loc":{"start":{"line":8,"column":29},"end":{"line":8,"column":null}},"type":"cond-expr","locations":[{"start":{"line":8,"column":42},"end":{"line":8,"column":null}},{"start":{"line":8,"column":42},"end":{"line":8,"column":null}}]},"3":{"loc":{"start":{"line":8,"column":29},"end":{"line":8,"column":42}},"type":"binary-expr","locations":[{"start":{"line":8,"column":29},"end":{"line":8,"column":null}},{"start":{"line":8,"column":29},"end":{"line":8,"column":42}}]},"4":{"loc":{"start":{"line":8,"column":42},"end":{"line":9,"column":null}},"type":"cond-expr","locations":[{"start":{"line":9,"column":34},"end":{"line":9,"column":null}},{"start":{"line":9,"column":34},"end":{"line":9,"column":null}}]},"5":{"loc":{"start":{"line":8,"column":42},"end":{"line":9,"column":34}},"type":"binary-expr","locations":[{"start":{"line":8,"column":42},"end":{"line":9,"column":null}},{"start":{"line":9,"column":25},"end":{"line":9,"column":34}}]}},"s":{"0":2,"1":2,"2":2,"3":2,"4":10,"5":10,"6":4,"7":4,"8":3,"9":1,"10":6,"11":6,"12":6,"13":6,"14":6,"15":6,"16":7,"17":7,"18":6,"19":6,"20":1,"21":6,"22":2,"23":2},"f":{"0":10,"1":4,"2":6},"b":{"0":[3,1],"1":[7,6],"2":[2,0],"3":[2,2],"4":[2,0],"5":[2,2]}}
}
