TN:
SF:src/app.controller.ts
FN:6,(anonymous_2)
FN:9,(anonymous_3)
FN:14,(anonymous_4)
FNF:3
FNH:2
FNDA:3,(anonymous_2)
FNDA:2,(anonymous_3)
FNDA:0,(anonymous_4)
DA:1,1
DA:2,1
DA:5,1
DA:6,3
DA:9,1
DA:10,2
DA:14,1
DA:15,0
LF:8
LH:7
BRDA:6,0,0,1
BRDA:6,0,1,0
BRDA:6,1,0,1
BRDA:6,1,1,1
BRF:4
BRH:3
end_of_record
TN:
SF:src/app.module.ts
FNF:0
FNH:0
DA:1,0
DA:2,0
DA:3,0
DA:4,0
DA:5,0
DA:6,0
DA:7,0
DA:8,0
DA:9,0
DA:10,0
DA:25,0
LF:11
LH:0
BRF:0
BRH:0
end_of_record
TN:
SF:src/app.service.ts
FN:6,(anonymous_2)
FN:8,(anonymous_3)
FN:12,(anonymous_4)
FNF:3
FNH:2
FNDA:3,(anonymous_2)
FNDA:1,(anonymous_3)
FNDA:0,(anonymous_4)
DA:1,1
DA:2,1
DA:5,1
DA:6,3
DA:9,1
DA:13,0
DA:14,0
DA:15,0
DA:22,0
LF:9
LH:5
BRDA:26,0,0,0
BRDA:26,0,1,0
BRDA:6,1,0,1
BRDA:6,1,1,0
BRDA:6,2,0,1
BRDA:6,2,1,1
BRF:6
BRH:3
end_of_record
TN:
SF:src/main.ts
FN:9,bootstrap
FNF:1
FNH:0
FNDA:0,bootstrap
DA:1,0
DA:2,0
DA:3,0
DA:4,0
DA:5,0
DA:6,0
DA:7,0
DA:10,0
DA:12,0
DA:13,0
DA:15,0
DA:16,0
DA:18,0
DA:23,0
DA:31,0
DA:32,0
DA:34,0
LF:17
LH:0
BRDA:31,0,0,0
BRDA:31,0,1,0
BRF:2
BRH:0
end_of_record
TN:
SF:src/__tests__/fixtures/test-data.ts
FNF:0
FNH:0
DA:1,10
DA:28,10
DA:81,10
DA:132,10
LF:4
LH:4
BRF:0
BRH:0
end_of_record
TN:
SF:src/__tests__/mocks/bcrypt.mock.ts
FN:1,(anonymous_0)
FN:2,(anonymous_1)
FN:5,(anonymous_2)
FNF:3
FNH:0
FNDA:0,(anonymous_0)
FNDA:0,(anonymous_1)
FNDA:0,(anonymous_2)
DA:1,0
DA:3,0
DA:6,0
LF:3
LH:0
BRF:0
BRH:0
end_of_record
TN:
SF:src/__tests__/mocks/config.mock.ts
FN:3,(anonymous_0)
FN:4,(anonymous_1)
FN:13,(anonymous_2)
FNF:3
FNH:2
FNDA:19,(anonymous_0)
FNDA:19,(anonymous_1)
FNDA:0,(anonymous_2)
DA:3,19
DA:5,19
DA:11,19
DA:14,0
DA:15,0
DA:16,0
LF:6
LH:3
BRDA:3,0,0,19
BRDA:11,1,0,19
BRDA:11,1,1,19
BRDA:15,2,0,0
BRDA:15,2,1,0
BRF:5
BRH:3
end_of_record
TN:
SF:src/__tests__/mocks/jwt.mock.ts
FN:3,(anonymous_0)
FN:4,(anonymous_1)
FN:7,(anonymous_2)
FN:15,(anonymous_3)
FNF:4
FNH:2
FNDA:10,(anonymous_0)
FNDA:7,(anonymous_1)
FNDA:0,(anonymous_2)
FNDA:0,(anonymous_3)
DA:3,10
DA:5,7
DA:8,0
DA:16,0
LF:4
LH:2
BRF:0
BRH:0
end_of_record
TN:
SF:src/__tests__/mocks/openai.mock.ts
FN:1,(anonymous_0)
FN:4,(anonymous_1)
FN:26,(anonymous_2)
FNF:3
FNH:0
FNDA:0,(anonymous_0)
FNDA:0,(anonymous_1)
FNDA:0,(anonymous_2)
DA:1,0
DA:5,0
DA:20,0
DA:26,0
LF:4
LH:0
BRDA:1,0,0,0
BRF:1
BRH:0
end_of_record
TN:
SF:src/__tests__/mocks/prisma.mock.ts
FN:3,(anonymous_0)
FN:31,(anonymous_1)
FN:39,(anonymous_2)
FN:51,(anonymous_3)
FNF:4
FNH:1
FNDA:46,(anonymous_0)
FNDA:0,(anonymous_1)
FNDA:0,(anonymous_2)
FNDA:0,(anonymous_3)
DA:3,5
DA:4,46
DA:31,5
DA:39,5
DA:51,5
LF:5
LH:5
BRDA:39,0,0,0
BRDA:51,1,0,0
BRF:2
BRH:0
end_of_record
TN:
SF:src/ai/ai.module.ts
FNF:0
FNH:0
DA:1,0
DA:2,0
DA:8,0
LF:3
LH:0
BRF:0
BRH:0
end_of_record
TN:
SF:src/ai/ai.service.ts
FN:38,(anonymous_3)
FN:49,(anonymous_4)
FN:74,(anonymous_5)
FN:86,(anonymous_6)
FN:122,(anonymous_7)
FNF:5
FNH:5
FNDA:13,(anonymous_3)
FNDA:5,(anonymous_4)
FNDA:4,(anonymous_5)
FNDA:4,(anonymous_6)
FNDA:3,(anonymous_7)
DA:1,7
DA:2,7
DA:3,7
DA:19,7
DA:32,7
DA:35,7
DA:38,13
DA:39,13
DA:52,5
DA:69,4
DA:70,4
DA:71,4
DA:72,3
DA:74,4
DA:82,1
DA:90,4
DA:108,4
DA:109,4
DA:113,4
DA:126,3
DA:140,2
LF:21
LH:21
BRDA:70,0,0,4
BRDA:70,0,1,0
BRDA:72,1,0,0
BRDA:72,1,1,3
BRDA:75,2,0,4
BRDA:75,2,1,0
BRDA:76,3,0,3
BRDA:76,3,1,1
BRDA:79,4,0,4
BRDA:79,4,1,0
BRDA:108,5,0,4
BRDA:108,5,1,0
BRDA:114,6,0,4
BRDA:114,6,1,1
BRDA:115,7,0,4
BRDA:115,7,1,0
BRDA:116,8,0,4
BRDA:116,8,1,0
BRDA:117,9,0,3
BRDA:117,9,1,1
BRDA:118,10,0,3
BRDA:118,10,1,1
BRDA:140,11,0,2
BRDA:140,11,1,1
BRDA:38,12,0,7
BRDA:38,12,1,0
BRDA:38,13,0,7
BRDA:38,13,1,7
BRF:28
BRH:20
end_of_record
TN:
SF:src/auth/auth.controller.ts
FN:18,(anonymous_4)
FN:21,(anonymous_5)
FN:28,(anonymous_6)
FN:34,(anonymous_7)
FNF:4
FNH:4
FNDA:5,(anonymous_4)
FNDA:2,(anonymous_5)
FNDA:2,(anonymous_6)
FNDA:1,(anonymous_7)
DA:1,1
DA:11,1
DA:12,1
DA:13,1
DA:14,1
DA:17,1
DA:18,5
DA:21,1
DA:22,2
DA:28,1
DA:29,2
DA:34,1
DA:35,1
LF:13
LH:13
BRDA:21,0,0,1
BRDA:21,0,1,0
BRDA:21,1,0,1
BRDA:21,1,1,1
BRDA:28,2,0,1
BRDA:28,2,1,0
BRDA:28,3,0,1
BRDA:28,3,1,1
BRDA:18,4,0,1
BRDA:18,4,1,0
BRDA:18,5,0,1
BRDA:18,5,1,1
BRF:12
BRH:9
end_of_record
TN:
SF:src/auth/auth.dto.ts
FNF:0
FNH:0
DA:1,1
DA:9,1
DA:11,1
DA:16,1
DA:21,1
DA:24,1
DA:26,1
DA:30,1
LF:8
LH:8
BRF:0
BRH:0
end_of_record
TN:
SF:src/auth/auth.module.ts
FN:15,(anonymous_1)
FNF:1
FNH:0
FNDA:0,(anonymous_1)
DA:1,0
DA:2,0
DA:3,0
DA:4,0
DA:5,0
DA:6,0
DA:7,0
DA:15,0
DA:24,0
LF:9
LH:0
BRF:0
BRH:0
end_of_record
TN:
SF:src/auth/auth.service.ts
FN:13,(anonymous_11)
FN:18,(anonymous_12)
FN:36,(anonymous_13)
FN:54,(anonymous_14)
FNF:4
FNH:4
FNDA:10,(anonymous_11)
FNDA:3,(anonymous_12)
FNDA:7,(anonymous_13)
FNDA:7,(anonymous_14)
DA:1,2
DA:6,2
DA:7,2
DA:8,2
DA:12,2
DA:14,10
DA:15,10
DA:19,3
DA:22,3
DA:23,1
DA:26,2
DA:27,2
DA:32,2
DA:33,2
DA:37,7
DA:40,7
DA:41,1
DA:44,6
DA:45,6
DA:46,1
DA:49,5
DA:50,5
DA:51,5
DA:55,7
LF:24
LH:24
BRDA:22,0,0,1
BRDA:22,0,1,2
BRDA:40,1,0,1
BRDA:40,1,1,6
BRDA:45,2,0,1
BRDA:45,2,1,5
BRDA:14,3,0,2
BRDA:14,3,1,0
BRDA:14,4,0,2
BRDA:14,4,1,2
BRDA:14,5,0,2
BRDA:14,5,1,0
BRDA:14,6,0,2
BRDA:14,6,1,2
BRF:14
BRH:12
end_of_record
TN:
SF:src/auth/jwt.strategy.ts
FN:8,(anonymous_2)
FN:16,(anonymous_3)
FNF:2
FNH:2
FNDA:6,(anonymous_2)
FNDA:4,(anonymous_3)
DA:1,1
DA:2,1
DA:3,1
DA:4,1
DA:7,1
DA:9,6
DA:17,4
LF:7
LH:7
BRDA:8,0,0,1
BRDA:8,0,1,0
BRDA:8,1,0,1
BRDA:8,1,1,1
BRF:4
BRH:3
end_of_record
TN:
SF:src/chat/chat.controller.ts
FN:11,(anonymous_4)
FN:15,(anonymous_5)
FNF:2
FNH:2
FNDA:5,(anonymous_4)
FNDA:6,(anonymous_5)
DA:1,1
DA:2,1
DA:3,1
DA:4,1
DA:5,1
DA:6,1
DA:10,1
DA:11,5
DA:15,1
DA:19,6
LF:10
LH:10
BRDA:17,0,0,1
BRDA:17,0,1,0
BRDA:17,1,0,1
BRDA:17,1,1,1
BRDA:11,2,0,1
BRDA:11,2,1,0
BRDA:11,3,0,1
BRDA:11,3,1,1
BRF:8
BRH:6
end_of_record
TN:
SF:src/chat/chat.dto.ts
FNF:0
FNH:0
DA:1,1
DA:3,1
DA:7,1
LF:3
LH:3
BRF:0
BRH:0
end_of_record
TN:
SF:src/chat/chat.module.ts
FNF:0
FNH:0
DA:1,0
DA:2,0
DA:3,0
DA:4,0
DA:11,0
LF:5
LH:0
BRF:0
BRH:0
end_of_record
TN:
SF:src/chat/chat.service.ts
FN:7,(anonymous_2)
FN:12,(anonymous_3)
FNF:2
FNH:2
FNDA:7,(anonymous_2)
FNDA:7,(anonymous_3)
DA:1,2
DA:2,2
DA:3,2
DA:6,2
DA:8,7
DA:9,7
DA:13,7
DA:14,7
DA:15,7
DA:17,7
DA:21,7
DA:22,7
DA:23,6
DA:26,7
DA:27,7
LF:15
LH:15
BRDA:23,0,0,6
BRDA:23,0,1,5
BRDA:8,1,0,2
BRDA:8,1,1,0
BRDA:8,2,0,2
BRDA:8,2,1,2
BRDA:8,3,0,2
BRDA:8,3,1,0
BRDA:8,4,0,2
BRDA:8,4,1,2
BRF:10
BRH:8
end_of_record
TN:
SF:src/common/decorators/current-user.decorator.ts
FN:4,(anonymous_0)
FNF:1
FNH:0
FNDA:0,(anonymous_0)
DA:1,3
DA:3,3
DA:5,0
DA:6,0
LF:4
LH:2
BRF:0
BRH:0
end_of_record
TN:
SF:src/expenses/expenses.controller.ts
FN:25,(anonymous_13)
FN:28,(anonymous_14)
FN:33,(anonymous_15)
FN:41,(anonymous_16)
FN:70,(anonymous_17)
FN:53,(anonymous_18)
FN:58,(anonymous_19)
FNF:7
FNH:5
FNDA:10,(anonymous_13)
FNDA:3,(anonymous_14)
FNDA:2,(anonymous_15)
FNDA:3,(anonymous_16)
FNDA:2,(anonymous_17)
FNDA:0,(anonymous_18)
FNDA:0,(anonymous_19)
DA:1,1
DA:13,1
DA:14,1
DA:15,1
DA:16,1
DA:17,1
DA:18,1
DA:19,1
DA:20,1
DA:24,1
DA:25,10
DA:28,1
DA:29,3
DA:33,1
DA:37,2
DA:41,1
DA:45,3
DA:54,0
DA:59,0
DA:63,0
DA:65,0
DA:70,1
DA:74,2
LF:23
LH:19
BRDA:35,0,0,1
BRDA:35,0,1,0
BRDA:35,1,0,1
BRDA:35,1,1,1
BRDA:59,2,0,0
BRDA:59,2,1,0
BRDA:60,3,0,0
BRDA:60,3,1,0
BRDA:72,4,0,0
BRDA:72,4,1,1
BRDA:72,5,0,1
BRDA:72,5,1,0
BRDA:72,5,2,0
BRDA:25,6,0,1
BRDA:25,6,1,0
BRDA:25,7,0,1
BRDA:25,7,1,1
BRF:17
BRH:8
end_of_record
TN:
SF:src/expenses/expenses.dto.ts
FN:18,(anonymous_2)
FNF:1
FNH:0
FNDA:0,(anonymous_2)
DA:1,1
DA:10,1
DA:12,1
DA:16,1
DA:18,0
DA:21,1
DA:25,1
LF:7
LH:6
BRF:0
BRH:0
end_of_record
TN:
SF:src/expenses/expenses.module.ts
FNF:0
FNH:0
DA:1,0
DA:2,0
DA:3,0
DA:4,0
DA:11,0
LF:5
LH:0
BRF:0
BRH:0
end_of_record
TN:
SF:src/expenses/expenses.service.ts
FN:11,(anonymous_11)
FN:16,(anonymous_12)
FN:23,(anonymous_13)
FN:51,(anonymous_14)
FN:61,(anonymous_15)
FN:74,(anonymous_16)
FN:75,(anonymous_17)
FN:80,(anonymous_18)
FN:89,(anonymous_19)
FN:95,(anonymous_20)
FNF:10
FNH:10
FNDA:16,(anonymous_11)
FNDA:4,(anonymous_12)
FNDA:4,(anonymous_13)
FNDA:4,(anonymous_14)
FNDA:4,(anonymous_15)
FNDA:4,(anonymous_16)
FNDA:4,(anonymous_17)
FNDA:4,(anonymous_18)
FNDA:4,(anonymous_19)
FNDA:4,(anonymous_20)
DA:1,2
DA:2,2
DA:3,2
DA:5,2
DA:6,2
DA:7,2
DA:10,2
DA:12,16
DA:13,16
DA:17,4
DA:24,4
DA:25,4
DA:27,4
DA:28,4
DA:31,3
DA:32,3
DA:33,3
DA:39,4
DA:52,4
DA:55,4
DA:56,2
DA:58,2
DA:62,4
DA:63,4
DA:64,4
DA:67,4
DA:68,4
DA:70,0
DA:73,4
DA:74,4
DA:75,4
DA:80,4
DA:82,4
DA:83,2
DA:86,2
DA:87,2
DA:88,2
DA:89,4
DA:95,4
DA:104,2
DA:105,2
LF:41
LH:40
BRDA:31,0,0,3
BRDA:31,0,1,0
BRDA:33,1,0,3
BRDA:33,1,1,2
BRDA:44,2,0,4
BRDA:44,2,1,0
BRDA:55,3,0,2
BRDA:55,3,1,2
BRDA:55,4,0,4
BRDA:55,4,1,3
BRDA:74,5,0,4
BRDA:74,5,1,4
BRDA:82,6,0,2
BRDA:82,6,1,2
BRDA:99,7,0,4
BRDA:99,7,1,0
BRDA:100,8,0,4
BRDA:100,8,1,0
BRDA:101,9,0,4
BRDA:101,9,1,4
BRDA:12,10,0,2
BRDA:12,10,1,0
BRDA:12,11,0,2
BRDA:12,11,1,2
BRDA:12,12,0,2
BRDA:12,12,1,0
BRDA:12,13,0,2
BRDA:12,13,1,2
BRF:28
BRH:22
end_of_record
TN:
SF:src/prisma/prisma.module.ts
FNF:0
FNH:0
DA:1,0
DA:2,0
DA:9,0
LF:3
LH:0
BRF:0
BRH:0
end_of_record
TN:
SF:src/prisma/prisma.service.ts
FN:7,(anonymous_2)
FN:12,(anonymous_3)
FN:16,(anonymous_4)
FNF:3
FNH:1
FNDA:7,(anonymous_2)
FNDA:0,(anonymous_3)
FNDA:0,(anonymous_4)
DA:1,10
DA:2,10
DA:3,10
DA:6,10
DA:8,7
DA:9,7
DA:13,0
DA:17,0
LF:8
LH:6
BRF:0
BRH:0
end_of_record
TN:
SF:src/reports/reports.controller.ts
FN:16,(anonymous_4)
FN:19,(anonymous_5)
FN:28,(anonymous_6)
FNF:3
FNH:3
FNDA:6,(anonymous_4)
FNDA:3,(anonymous_5)
FNDA:3,(anonymous_6)
DA:1,1
DA:9,1
DA:10,1
DA:11,1
DA:15,1
DA:16,6
DA:19,1
DA:24,3
DA:28,1
DA:33,3
LF:10
LH:10
BRDA:16,0,0,1
BRDA:16,0,1,0
BRDA:16,1,0,1
BRDA:16,1,1,1
BRF:4
BRH:3
end_of_record
TN:
SF:src/reports/reports.module.ts
FNF:0
FNH:0
DA:1,0
DA:2,0
DA:3,0
DA:4,0
DA:11,0
LF:5
LH:0
BRF:0
BRH:0
end_of_record
TN:
SF:src/reports/reports.service.ts
FN:7,(anonymous_2)
FN:12,(anonymous_3)
FN:20,(anonymous_4)
FNF:3
FNH:3
FNDA:10,(anonymous_2)
FNDA:4,(anonymous_3)
FNDA:6,(anonymous_4)
DA:1,2
DA:2,2
DA:3,2
DA:6,2
DA:8,10
DA:9,10
DA:13,4
DA:16,4
DA:17,1
DA:21,6
DA:22,6
DA:24,6
DA:28,6
DA:29,6
DA:30,6
DA:31,7
DA:32,7
DA:36,6
DA:37,6
DA:39,1
DA:48,6
LF:21
LH:21
BRDA:16,0,0,3
BRDA:16,0,1,1
BRDA:31,1,0,7
BRDA:31,1,1,6
BRDA:8,2,0,2
BRDA:8,2,1,0
BRDA:8,3,0,2
BRDA:8,3,1,2
BRDA:8,4,0,2
BRDA:8,4,1,0
BRDA:8,5,0,2
BRDA:8,5,1,2
BRF:12
BRH:10
end_of_record
